2020-07-06 08:49:33.453 [main] INFO  com.memoforward.eduservice.EduApplication - Starting EduApplication on MemoForwards-MBP.local with PID 1101 (/Users/memoforward/Documents/Project/Java/Online Education/service/service_edu/target/classes started by memoforward in /Users/memoforward/Documents/Project/Java/Online Education)
2020-07-06 08:49:33.456 [main] INFO  com.memoforward.eduservice.EduApplication - The following profiles are active: dev
2020-07-06 08:49:34.245 [main] INFO  o.s.d.r.config.RepositoryConfigurationDelegate - Multiple Spring Data modules found, entering strict repository configuration mode!
2020-07-06 08:49:34.248 [main] INFO  o.s.d.r.config.RepositoryConfigurationDelegate - Bootstrapping Spring Data Redis repositories in DEFAULT mode.
2020-07-06 08:49:34.277 [main] INFO  o.s.d.r.config.RepositoryConfigurationDelegate - Finished Spring Data repository scanning in 15ms. Found 0 Redis repository interfaces.
2020-07-06 08:49:34.738 [main] INFO  o.s.boot.web.embedded.tomcat.TomcatWebServer - Tomcat initialized with port(s): 8001 (http)
2020-07-06 08:49:34.751 [main] INFO  org.apache.coyote.http11.Http11NioProtocol - Initializing ProtocolHandler ["http-nio-8001"]
2020-07-06 08:49:34.751 [main] INFO  org.apache.catalina.core.StandardService - Starting service [Tomcat]
2020-07-06 08:49:34.751 [main] INFO  org.apache.catalina.core.StandardEngine - Starting Servlet engine: [Apache Tomcat/9.0.36]
2020-07-06 08:49:34.821 [main] INFO  o.a.c.core.ContainerBase.[Tomcat].[localhost].[/] - Initializing Spring embedded WebApplicationContext
2020-07-06 08:49:34.822 [main] INFO  o.s.b.w.s.c.ServletWebServerApplicationContext - Root WebApplicationContext: initialization completed in 1332 ms
2020-07-06 08:49:35.614 [main] INFO  s.d.s.w.PropertySourcedRequestMappingHandlerMapping - Mapped URL path [/v2/api-docs] onto method [springfox.documentation.swagger2.web.Swagger2Controller#getDocumentation(String, HttpServletRequest)]
2020-07-06 08:49:35.694 [main] INFO  o.s.scheduling.concurrent.ThreadPoolTaskExecutor - Initializing ExecutorService 'applicationTaskExecutor'
2020-07-06 08:49:36.283 [main] INFO  org.apache.coyote.http11.Http11NioProtocol - Starting ProtocolHandler ["http-nio-8001"]
2020-07-06 08:49:36.309 [main] INFO  o.s.boot.web.embedded.tomcat.TomcatWebServer - Tomcat started on port(s): 8001 (http) with context path ''
2020-07-06 08:49:36.309 [main] INFO  s.d.s.web.plugins.DocumentationPluginsBootstrapper - Context refreshed
2020-07-06 08:49:36.326 [main] INFO  s.d.s.web.plugins.DocumentationPluginsBootstrapper - Found 1 custom documentation plugin(s)
2020-07-06 08:49:36.358 [main] INFO  s.d.spring.web.scanners.ApiListingReferenceScanner - Scanning for api listing references
2020-07-06 08:49:36.547 [main] INFO  com.memoforward.eduservice.EduApplication - Started EduApplication in 3.574 seconds (JVM running for 4.115)
2020-07-06 10:54:50.649 [http-nio-8001-exec-1] INFO  o.a.c.core.ContainerBase.[Tomcat].[localhost].[/] - Initializing Spring DispatcherServlet 'dispatcherServlet'
2020-07-06 10:54:50.650 [http-nio-8001-exec-1] INFO  org.springframework.web.servlet.DispatcherServlet - Initializing Servlet 'dispatcherServlet'
2020-07-06 10:54:50.674 [http-nio-8001-exec-1] INFO  org.springframework.web.servlet.DispatcherServlet - Completed initialization in 24 ms
2020-07-06 10:57:17.111 [http-nio-8001-exec-6] INFO  com.zaxxer.hikari.HikariDataSource - HikariPool-1 - Starting...
2020-07-06 10:57:17.422 [http-nio-8001-exec-6] INFO  com.zaxxer.hikari.HikariDataSource - HikariPool-1 - Start completed.
2020-07-06 14:33:28.326 [main] INFO  com.memoforward.eduservice.EduApplication - Starting EduApplication on MemoForwards-MBP.local with PID 4843 (started by memoforward in /Users/memoforward/Documents/Project/Java/Online Education)
2020-07-06 14:33:28.329 [main] INFO  com.memoforward.eduservice.EduApplication - The following profiles are active: dev
2020-07-06 14:33:28.952 [main] INFO  o.s.d.r.config.RepositoryConfigurationDelegate - Multiple Spring Data modules found, entering strict repository configuration mode!
2020-07-06 14:33:28.954 [main] INFO  o.s.d.r.config.RepositoryConfigurationDelegate - Bootstrapping Spring Data Redis repositories in DEFAULT mode.
2020-07-06 14:33:28.983 [main] INFO  o.s.d.r.config.RepositoryConfigurationDelegate - Finished Spring Data repository scanning in 20ms. Found 0 Redis repository interfaces.
2020-07-06 14:33:29.308 [main] INFO  o.s.boot.web.embedded.tomcat.TomcatWebServer - Tomcat initialized with port(s): 8001 (http)
2020-07-06 14:33:29.313 [main] INFO  org.apache.coyote.http11.Http11NioProtocol - Initializing ProtocolHandler ["http-nio-8001"]
2020-07-06 14:33:29.313 [main] INFO  org.apache.catalina.core.StandardService - Starting service [Tomcat]
2020-07-06 14:33:29.314 [main] INFO  org.apache.catalina.core.StandardEngine - Starting Servlet engine: [Apache Tomcat/9.0.31]
2020-07-06 14:33:29.365 [main] INFO  o.a.c.core.ContainerBase.[Tomcat].[localhost].[/] - Initializing Spring embedded WebApplicationContext
2020-07-06 14:33:29.365 [main] INFO  org.springframework.web.context.ContextLoader - Root WebApplicationContext: initialization completed in 1002 ms
2020-07-06 14:33:30.080 [main] INFO  s.d.s.w.PropertySourcedRequestMappingHandlerMapping - Mapped URL path [/v2/api-docs] onto method [springfox.documentation.swagger2.web.Swagger2Controller#getDocumentation(String, HttpServletRequest)]
2020-07-06 14:33:30.161 [main] INFO  o.s.scheduling.concurrent.ThreadPoolTaskExecutor - Initializing ExecutorService 'applicationTaskExecutor'
2020-07-06 14:33:30.514 [main] INFO  s.d.s.web.plugins.DocumentationPluginsBootstrapper - Context refreshed
2020-07-06 14:33:30.523 [main] INFO  s.d.s.web.plugins.DocumentationPluginsBootstrapper - Found 1 custom documentation plugin(s)
2020-07-06 14:33:30.546 [main] INFO  s.d.spring.web.scanners.ApiListingReferenceScanner - Scanning for api listing references
2020-07-06 14:33:30.732 [main] INFO  org.apache.coyote.http11.Http11NioProtocol - Starting ProtocolHandler ["http-nio-8001"]
2020-07-06 14:33:30.770 [main] INFO  o.s.boot.web.embedded.tomcat.TomcatWebServer - Tomcat started on port(s): 8001 (http) with context path ''
2020-07-06 14:33:30.774 [main] INFO  com.memoforward.eduservice.EduApplication - Started EduApplication in 2.776 seconds (JVM running for 3.198)
2020-07-06 15:11:51.420 [SpringContextShutdownHook] INFO  o.s.scheduling.concurrent.ThreadPoolTaskExecutor - Shutting down ExecutorService 'applicationTaskExecutor'
2020-07-06 15:12:00.465 [main] INFO  com.memoforward.eduservice.EduApplication - The following profiles are active: dev
2020-07-06 15:12:01.036 [main] INFO  o.s.d.r.config.RepositoryConfigurationDelegate - Multiple Spring Data modules found, entering strict repository configuration mode!
2020-07-06 15:12:01.038 [main] INFO  o.s.d.r.config.RepositoryConfigurationDelegate - Bootstrapping Spring Data Redis repositories in DEFAULT mode.
2020-07-06 15:12:01.058 [main] INFO  o.s.d.r.config.RepositoryConfigurationDelegate - Finished Spring Data repository scanning in 12ms. Found 0 Redis repository interfaces.
2020-07-06 15:12:01.216 [main] INFO  o.springframework.cloud.context.scope.GenericScope - BeanFactory id=40bddda6-4baa-372b-920a-d1d0126f63d9
2020-07-06 15:12:01.336 [main] INFO  o.s.c.s.PostProcessorRegistrationDelegate$BeanPostProcessorChecker - Bean 'org.springframework.cloud.autoconfigure.ConfigurationPropertiesRebinderAutoConfiguration' of type [org.springframework.cloud.autoconfigure.ConfigurationPropertiesRebinderAutoConfiguration] is not eligible for getting processed by all BeanPostProcessors (for example: not eligible for auto-proxying)
2020-07-06 15:12:01.472 [main] INFO  o.s.boot.web.embedded.tomcat.TomcatWebServer - Tomcat initialized with port(s): 8001 (http)
2020-07-06 15:12:01.477 [main] INFO  org.apache.coyote.http11.Http11NioProtocol - Initializing ProtocolHandler ["http-nio-8001"]
2020-07-06 15:12:01.478 [main] INFO  org.apache.catalina.core.StandardService - Starting service [Tomcat]
2020-07-06 15:12:01.478 [main] INFO  org.apache.catalina.core.StandardEngine - Starting Servlet engine: [Apache Tomcat/9.0.31]
2020-07-06 15:12:01.571 [main] INFO  o.a.c.core.ContainerBase.[Tomcat].[localhost].[/] - Initializing Spring embedded WebApplicationContext
2020-07-06 15:12:01.572 [main] INFO  org.springframework.web.context.ContextLoader - Root WebApplicationContext: initialization completed in 1090 ms
2020-07-06 15:12:02.322 [main] INFO  s.d.s.w.PropertySourcedRequestMappingHandlerMapping - Mapped URL path [/v2/api-docs] onto method [springfox.documentation.swagger2.web.Swagger2Controller#getDocumentation(String, HttpServletRequest)]
2020-07-06 15:12:02.341 [main] INFO  com.netflix.config.sources.URLConfigurationSource - To enable URLs as dynamic configuration sources, define System property archaius.configurationSource.additionalUrls or make config.properties available on classpath.
2020-07-06 15:12:02.344 [main] INFO  com.netflix.config.sources.URLConfigurationSource - To enable URLs as dynamic configuration sources, define System property archaius.configurationSource.additionalUrls or make config.properties available on classpath.
2020-07-06 15:12:02.431 [main] INFO  o.s.scheduling.concurrent.ThreadPoolTaskExecutor - Initializing ExecutorService 'applicationTaskExecutor'
2020-07-06 15:12:02.900 [main] INFO  o.s.scheduling.concurrent.ThreadPoolTaskScheduler - Initializing ExecutorService
2020-07-06 15:12:02.987 [main] INFO  s.d.s.web.plugins.DocumentationPluginsBootstrapper - Context refreshed
2020-07-06 15:12:02.999 [main] INFO  s.d.s.web.plugins.DocumentationPluginsBootstrapper - Found 1 custom documentation plugin(s)
2020-07-06 15:12:03.027 [main] INFO  s.d.spring.web.scanners.ApiListingReferenceScanner - Scanning for api listing references
2020-07-06 15:12:03.218 [main] INFO  org.apache.coyote.http11.Http11NioProtocol - Starting ProtocolHandler ["http-nio-8001"]
2020-07-06 15:12:03.246 [main] INFO  o.s.boot.web.embedded.tomcat.TomcatWebServer - Tomcat started on port(s): 8001 (http) with context path ''
2020-07-06 15:12:03.313 [main] INFO  com.memoforward.eduservice.EduApplication - Started EduApplication in 3.482 seconds (JVM running for 4.174)
2020-07-06 15:16:58.741 [SpringContextShutdownHook] INFO  o.s.c.alibaba.nacos.registry.NacosServiceRegistry - De-registering from Nacos Server now...
2020-07-06 15:16:58.742 [SpringContextShutdownHook] INFO  o.s.c.alibaba.nacos.registry.NacosServiceRegistry - De-registration finished.
2020-07-06 15:16:58.755 [SpringContextShutdownHook] INFO  o.s.scheduling.concurrent.ThreadPoolTaskExecutor - Shutting down ExecutorService 'applicationTaskExecutor'
2020-07-06 15:17:01.751 [main] INFO  com.memoforward.eduservice.EduApplication - The following profiles are active: dev
2020-07-06 15:17:02.288 [main] INFO  o.s.d.r.config.RepositoryConfigurationDelegate - Multiple Spring Data modules found, entering strict repository configuration mode!
2020-07-06 15:17:02.289 [main] INFO  o.s.d.r.config.RepositoryConfigurationDelegate - Bootstrapping Spring Data Redis repositories in DEFAULT mode.
2020-07-06 15:17:02.311 [main] INFO  o.s.d.r.config.RepositoryConfigurationDelegate - Finished Spring Data repository scanning in 13ms. Found 0 Redis repository interfaces.
2020-07-06 15:17:02.522 [main] INFO  o.springframework.cloud.context.scope.GenericScope - BeanFactory id=40bddda6-4baa-372b-920a-d1d0126f63d9
2020-07-06 15:17:02.646 [main] INFO  o.s.c.s.PostProcessorRegistrationDelegate$BeanPostProcessorChecker - Bean 'org.springframework.cloud.autoconfigure.ConfigurationPropertiesRebinderAutoConfiguration' of type [org.springframework.cloud.autoconfigure.ConfigurationPropertiesRebinderAutoConfiguration] is not eligible for getting processed by all BeanPostProcessors (for example: not eligible for auto-proxying)
2020-07-06 15:17:02.805 [main] INFO  o.s.boot.web.embedded.tomcat.TomcatWebServer - Tomcat initialized with port(s): 8001 (http)
2020-07-06 15:17:02.812 [main] INFO  org.apache.coyote.http11.Http11NioProtocol - Initializing ProtocolHandler ["http-nio-8001"]
2020-07-06 15:17:02.812 [main] INFO  org.apache.catalina.core.StandardService - Starting service [Tomcat]
2020-07-06 15:17:02.813 [main] INFO  org.apache.catalina.core.StandardEngine - Starting Servlet engine: [Apache Tomcat/9.0.31]
2020-07-06 15:17:02.890 [main] INFO  o.a.c.core.ContainerBase.[Tomcat].[localhost].[/] - Initializing Spring embedded WebApplicationContext
2020-07-06 15:17:02.890 [main] INFO  org.springframework.web.context.ContextLoader - Root WebApplicationContext: initialization completed in 1127 ms
2020-07-06 15:17:03.566 [main] INFO  s.d.s.w.PropertySourcedRequestMappingHandlerMapping - Mapped URL path [/v2/api-docs] onto method [springfox.documentation.swagger2.web.Swagger2Controller#getDocumentation(String, HttpServletRequest)]
2020-07-06 15:17:03.582 [main] INFO  com.netflix.config.sources.URLConfigurationSource - To enable URLs as dynamic configuration sources, define System property archaius.configurationSource.additionalUrls or make config.properties available on classpath.
2020-07-06 15:17:03.585 [main] INFO  com.netflix.config.sources.URLConfigurationSource - To enable URLs as dynamic configuration sources, define System property archaius.configurationSource.additionalUrls or make config.properties available on classpath.
2020-07-06 15:17:03.668 [main] INFO  o.s.scheduling.concurrent.ThreadPoolTaskExecutor - Initializing ExecutorService 'applicationTaskExecutor'
2020-07-06 15:17:04.127 [main] INFO  o.s.scheduling.concurrent.ThreadPoolTaskScheduler - Initializing ExecutorService
2020-07-06 15:17:04.210 [main] INFO  s.d.s.web.plugins.DocumentationPluginsBootstrapper - Context refreshed
2020-07-06 15:17:04.222 [main] INFO  s.d.s.web.plugins.DocumentationPluginsBootstrapper - Found 1 custom documentation plugin(s)
2020-07-06 15:17:04.250 [main] INFO  s.d.spring.web.scanners.ApiListingReferenceScanner - Scanning for api listing references
2020-07-06 15:17:04.414 [main] INFO  org.apache.coyote.http11.Http11NioProtocol - Starting ProtocolHandler ["http-nio-8001"]
2020-07-06 15:17:04.434 [main] INFO  o.s.boot.web.embedded.tomcat.TomcatWebServer - Tomcat started on port(s): 8001 (http) with context path ''
2020-07-06 15:17:04.482 [main] INFO  com.memoforward.eduservice.EduApplication - Started EduApplication in 3.278 seconds (JVM running for 3.94)
2020-07-06 15:26:32.044 [SpringContextShutdownHook] INFO  o.s.c.alibaba.nacos.registry.NacosServiceRegistry - De-registering from Nacos Server now...
2020-07-06 15:26:32.045 [SpringContextShutdownHook] INFO  o.s.c.alibaba.nacos.registry.NacosServiceRegistry - De-registration finished.
2020-07-06 15:26:32.066 [SpringContextShutdownHook] INFO  o.s.scheduling.concurrent.ThreadPoolTaskExecutor - Shutting down ExecutorService 'applicationTaskExecutor'
2020-07-06 15:30:21.079 [main] INFO  com.memoforward.eduservice.EduApplication - The following profiles are active: dev
2020-07-06 15:30:21.589 [main] INFO  o.s.d.r.config.RepositoryConfigurationDelegate - Multiple Spring Data modules found, entering strict repository configuration mode!
2020-07-06 15:30:21.591 [main] INFO  o.s.d.r.config.RepositoryConfigurationDelegate - Bootstrapping Spring Data Redis repositories in DEFAULT mode.
2020-07-06 15:30:21.609 [main] INFO  o.s.d.r.config.RepositoryConfigurationDelegate - Finished Spring Data repository scanning in 11ms. Found 0 Redis repository interfaces.
2020-07-06 15:30:21.755 [main] INFO  o.springframework.cloud.context.scope.GenericScope - BeanFactory id=2d89da96-408c-3e40-9586-3643d0afeada
2020-07-06 15:30:21.971 [main] INFO  o.s.boot.web.embedded.tomcat.TomcatWebServer - Tomcat initialized with port(s): 8001 (http)
2020-07-06 15:30:21.976 [main] INFO  org.apache.coyote.http11.Http11NioProtocol - Initializing ProtocolHandler ["http-nio-8001"]
2020-07-06 15:30:21.977 [main] INFO  org.apache.catalina.core.StandardService - Starting service [Tomcat]
2020-07-06 15:30:21.977 [main] INFO  org.apache.catalina.core.StandardEngine - Starting Servlet engine: [Apache Tomcat/9.0.31]
2020-07-06 15:30:22.040 [main] INFO  o.a.c.core.ContainerBase.[Tomcat].[localhost].[/] - Initializing Spring embedded WebApplicationContext
2020-07-06 15:30:22.041 [main] INFO  org.springframework.web.context.ContextLoader - Root WebApplicationContext: initialization completed in 949 ms
2020-07-06 15:30:22.691 [main] INFO  s.d.s.w.PropertySourcedRequestMappingHandlerMapping - Mapped URL path [/v2/api-docs] onto method [springfox.documentation.swagger2.web.Swagger2Controller#getDocumentation(String, HttpServletRequest)]
2020-07-06 15:30:22.717 [main] INFO  com.netflix.config.sources.URLConfigurationSource - To enable URLs as dynamic configuration sources, define System property archaius.configurationSource.additionalUrls or make config.properties available on classpath.
2020-07-06 15:30:22.720 [main] INFO  com.netflix.config.sources.URLConfigurationSource - To enable URLs as dynamic configuration sources, define System property archaius.configurationSource.additionalUrls or make config.properties available on classpath.
2020-07-06 15:30:22.803 [main] INFO  o.s.scheduling.concurrent.ThreadPoolTaskExecutor - Initializing ExecutorService 'applicationTaskExecutor'
2020-07-06 15:30:23.264 [main] INFO  s.d.s.web.plugins.DocumentationPluginsBootstrapper - Context refreshed
2020-07-06 15:30:23.272 [main] INFO  s.d.s.web.plugins.DocumentationPluginsBootstrapper - Found 1 custom documentation plugin(s)
2020-07-06 15:30:23.296 [main] INFO  s.d.spring.web.scanners.ApiListingReferenceScanner - Scanning for api listing references
2020-07-06 15:30:23.458 [main] INFO  org.apache.coyote.http11.Http11NioProtocol - Starting ProtocolHandler ["http-nio-8001"]
2020-07-06 15:30:23.480 [main] INFO  o.s.boot.web.embedded.tomcat.TomcatWebServer - Tomcat started on port(s): 8001 (http) with context path ''
2020-07-06 15:30:23.572 [main] INFO  com.memoforward.eduservice.EduApplication - Started EduApplication in 3.135 seconds (JVM running for 3.802)
2020-07-06 15:35:46.849 [SpringContextShutdownHook] INFO  o.s.c.alibaba.nacos.registry.NacosServiceRegistry - De-registering from Nacos Server now...
2020-07-06 15:35:46.850 [SpringContextShutdownHook] INFO  o.s.c.alibaba.nacos.registry.NacosServiceRegistry - De-registration finished.
2020-07-06 15:35:46.863 [SpringContextShutdownHook] INFO  o.s.scheduling.concurrent.ThreadPoolTaskExecutor - Shutting down ExecutorService 'applicationTaskExecutor'
2020-07-06 15:37:01.610 [main] INFO  com.memoforward.eduservice.EduApplication - The following profiles are active: dev
2020-07-06 15:37:02.205 [main] INFO  o.s.d.r.config.RepositoryConfigurationDelegate - Multiple Spring Data modules found, entering strict repository configuration mode!
2020-07-06 15:37:02.206 [main] INFO  o.s.d.r.config.RepositoryConfigurationDelegate - Bootstrapping Spring Data Redis repositories in DEFAULT mode.
2020-07-06 15:37:02.225 [main] INFO  o.s.d.r.config.RepositoryConfigurationDelegate - Finished Spring Data repository scanning in 11ms. Found 0 Redis repository interfaces.
2020-07-06 15:37:02.388 [main] INFO  o.springframework.cloud.context.scope.GenericScope - BeanFactory id=4e376a21-15be-3eac-b872-dd11ec7eb401
2020-07-06 15:37:02.617 [main] INFO  o.s.boot.web.embedded.tomcat.TomcatWebServer - Tomcat initialized with port(s): 8001 (http)
2020-07-06 15:37:02.622 [main] INFO  org.apache.coyote.http11.Http11NioProtocol - Initializing ProtocolHandler ["http-nio-8001"]
2020-07-06 15:37:02.623 [main] INFO  org.apache.catalina.core.StandardService - Starting service [Tomcat]
2020-07-06 15:37:02.623 [main] INFO  org.apache.catalina.core.StandardEngine - Starting Servlet engine: [Apache Tomcat/9.0.31]
2020-07-06 15:37:02.689 [main] INFO  o.a.c.core.ContainerBase.[Tomcat].[localhost].[/] - Initializing Spring embedded WebApplicationContext
2020-07-06 15:37:02.690 [main] INFO  org.springframework.web.context.ContextLoader - Root WebApplicationContext: initialization completed in 1066 ms
2020-07-06 15:37:03.361 [main] INFO  s.d.s.w.PropertySourcedRequestMappingHandlerMapping - Mapped URL path [/v2/api-docs] onto method [springfox.documentation.swagger2.web.Swagger2Controller#getDocumentation(String, HttpServletRequest)]
2020-07-06 15:37:03.376 [main] INFO  com.netflix.config.sources.URLConfigurationSource - To enable URLs as dynamic configuration sources, define System property archaius.configurationSource.additionalUrls or make config.properties available on classpath.
2020-07-06 15:37:03.380 [main] INFO  com.netflix.config.sources.URLConfigurationSource - To enable URLs as dynamic configuration sources, define System property archaius.configurationSource.additionalUrls or make config.properties available on classpath.
2020-07-06 15:37:03.468 [main] INFO  o.s.scheduling.concurrent.ThreadPoolTaskExecutor - Initializing ExecutorService 'applicationTaskExecutor'
2020-07-06 15:37:03.902 [main] INFO  o.s.scheduling.concurrent.ThreadPoolTaskScheduler - Initializing ExecutorService
2020-07-06 15:37:03.998 [main] INFO  s.d.s.web.plugins.DocumentationPluginsBootstrapper - Context refreshed
2020-07-06 15:37:04.008 [main] INFO  s.d.s.web.plugins.DocumentationPluginsBootstrapper - Found 1 custom documentation plugin(s)
2020-07-06 15:37:04.032 [main] INFO  s.d.spring.web.scanners.ApiListingReferenceScanner - Scanning for api listing references
2020-07-06 15:37:04.199 [main] INFO  org.apache.coyote.http11.Http11NioProtocol - Starting ProtocolHandler ["http-nio-8001"]
2020-07-06 15:37:04.219 [main] INFO  o.s.boot.web.embedded.tomcat.TomcatWebServer - Tomcat started on port(s): 8001 (http) with context path ''
2020-07-06 15:37:04.268 [main] INFO  com.memoforward.eduservice.EduApplication - Started EduApplication in 3.206 seconds (JVM running for 3.881)
2020-07-06 15:42:04.559 [SpringContextShutdownHook] INFO  o.s.c.alibaba.nacos.registry.NacosServiceRegistry - De-registering from Nacos Server now...
2020-07-06 15:42:04.560 [SpringContextShutdownHook] INFO  o.s.c.alibaba.nacos.registry.NacosServiceRegistry - De-registration finished.
2020-07-06 15:42:04.577 [SpringContextShutdownHook] INFO  o.s.scheduling.concurrent.ThreadPoolTaskExecutor - Shutting down ExecutorService 'applicationTaskExecutor'
2020-07-06 15:42:13.244 [main] INFO  com.memoforward.eduservice.EduApplication - The following profiles are active: dev
2020-07-06 15:42:13.871 [main] INFO  o.s.d.r.config.RepositoryConfigurationDelegate - Multiple Spring Data modules found, entering strict repository configuration mode!
2020-07-06 15:42:13.872 [main] INFO  o.s.d.r.config.RepositoryConfigurationDelegate - Bootstrapping Spring Data Redis repositories in DEFAULT mode.
2020-07-06 15:42:13.892 [main] INFO  o.s.d.r.config.RepositoryConfigurationDelegate - Finished Spring Data repository scanning in 12ms. Found 0 Redis repository interfaces.
2020-07-06 15:42:14.060 [main] INFO  o.springframework.cloud.context.scope.GenericScope - BeanFactory id=9c52f825-5f7f-3e45-918c-d8f3acc0995a
2020-07-06 15:42:14.300 [main] INFO  o.s.boot.web.embedded.tomcat.TomcatWebServer - Tomcat initialized with port(s): 8001 (http)
2020-07-06 15:42:14.305 [main] INFO  org.apache.coyote.http11.Http11NioProtocol - Initializing ProtocolHandler ["http-nio-8001"]
2020-07-06 15:42:14.306 [main] INFO  org.apache.catalina.core.StandardService - Starting service [Tomcat]
2020-07-06 15:42:14.306 [main] INFO  org.apache.catalina.core.StandardEngine - Starting Servlet engine: [Apache Tomcat/9.0.31]
2020-07-06 15:42:14.371 [main] INFO  o.a.c.core.ContainerBase.[Tomcat].[localhost].[/] - Initializing Spring embedded WebApplicationContext
2020-07-06 15:42:14.371 [main] INFO  org.springframework.web.context.ContextLoader - Root WebApplicationContext: initialization completed in 1114 ms
2020-07-06 15:42:15.046 [main] INFO  s.d.s.w.PropertySourcedRequestMappingHandlerMapping - Mapped URL path [/v2/api-docs] onto method [springfox.documentation.swagger2.web.Swagger2Controller#getDocumentation(String, HttpServletRequest)]
2020-07-06 15:42:15.075 [main] INFO  com.netflix.config.sources.URLConfigurationSource - To enable URLs as dynamic configuration sources, define System property archaius.configurationSource.additionalUrls or make config.properties available on classpath.
2020-07-06 15:42:15.079 [main] INFO  com.netflix.config.sources.URLConfigurationSource - To enable URLs as dynamic configuration sources, define System property archaius.configurationSource.additionalUrls or make config.properties available on classpath.
2020-07-06 15:42:15.159 [main] INFO  o.s.scheduling.concurrent.ThreadPoolTaskExecutor - Initializing ExecutorService 'applicationTaskExecutor'
2020-07-06 15:42:15.618 [main] INFO  s.d.s.web.plugins.DocumentationPluginsBootstrapper - Context refreshed
2020-07-06 15:42:15.626 [main] INFO  s.d.s.web.plugins.DocumentationPluginsBootstrapper - Found 1 custom documentation plugin(s)
2020-07-06 15:42:15.650 [main] INFO  s.d.spring.web.scanners.ApiListingReferenceScanner - Scanning for api listing references
2020-07-06 15:42:15.800 [main] INFO  org.apache.coyote.http11.Http11NioProtocol - Starting ProtocolHandler ["http-nio-8001"]
2020-07-06 15:42:15.820 [main] INFO  o.s.boot.web.embedded.tomcat.TomcatWebServer - Tomcat started on port(s): 8001 (http) with context path ''
2020-07-06 15:42:15.921 [main] INFO  com.memoforward.eduservice.EduApplication - Started EduApplication in 3.24 seconds (JVM running for 3.91)
2020-07-06 15:42:50.331 [SpringContextShutdownHook] INFO  o.s.c.alibaba.nacos.registry.NacosServiceRegistry - De-registering from Nacos Server now...
2020-07-06 15:42:50.332 [SpringContextShutdownHook] INFO  o.s.c.alibaba.nacos.registry.NacosServiceRegistry - De-registration finished.
2020-07-06 15:42:50.345 [SpringContextShutdownHook] INFO  o.s.scheduling.concurrent.ThreadPoolTaskExecutor - Shutting down ExecutorService 'applicationTaskExecutor'
2020-07-06 15:42:57.954 [main] INFO  com.memoforward.eduservice.EduApplication - The following profiles are active: dev
2020-07-06 15:42:58.470 [main] INFO  o.s.d.r.config.RepositoryConfigurationDelegate - Multiple Spring Data modules found, entering strict repository configuration mode!
2020-07-06 15:42:58.472 [main] INFO  o.s.d.r.config.RepositoryConfigurationDelegate - Bootstrapping Spring Data Redis repositories in DEFAULT mode.
2020-07-06 15:42:58.491 [main] INFO  o.s.d.r.config.RepositoryConfigurationDelegate - Finished Spring Data repository scanning in 11ms. Found 0 Redis repository interfaces.
2020-07-06 15:42:58.649 [main] INFO  o.springframework.cloud.context.scope.GenericScope - BeanFactory id=4e376a21-15be-3eac-b872-dd11ec7eb401
2020-07-06 15:42:58.875 [main] INFO  o.s.boot.web.embedded.tomcat.TomcatWebServer - Tomcat initialized with port(s): 8001 (http)
2020-07-06 15:42:58.880 [main] INFO  org.apache.coyote.http11.Http11NioProtocol - Initializing ProtocolHandler ["http-nio-8001"]
2020-07-06 15:42:58.881 [main] INFO  org.apache.catalina.core.StandardService - Starting service [Tomcat]
2020-07-06 15:42:58.881 [main] INFO  org.apache.catalina.core.StandardEngine - Starting Servlet engine: [Apache Tomcat/9.0.31]
2020-07-06 15:42:58.948 [main] INFO  o.a.c.core.ContainerBase.[Tomcat].[localhost].[/] - Initializing Spring embedded WebApplicationContext
2020-07-06 15:42:58.948 [main] INFO  org.springframework.web.context.ContextLoader - Root WebApplicationContext: initialization completed in 980 ms
2020-07-06 15:42:59.612 [main] INFO  s.d.s.w.PropertySourcedRequestMappingHandlerMapping - Mapped URL path [/v2/api-docs] onto method [springfox.documentation.swagger2.web.Swagger2Controller#getDocumentation(String, HttpServletRequest)]
2020-07-06 15:42:59.628 [main] INFO  com.netflix.config.sources.URLConfigurationSource - To enable URLs as dynamic configuration sources, define System property archaius.configurationSource.additionalUrls or make config.properties available on classpath.
2020-07-06 15:42:59.631 [main] INFO  com.netflix.config.sources.URLConfigurationSource - To enable URLs as dynamic configuration sources, define System property archaius.configurationSource.additionalUrls or make config.properties available on classpath.
2020-07-06 15:42:59.709 [main] INFO  o.s.scheduling.concurrent.ThreadPoolTaskExecutor - Initializing ExecutorService 'applicationTaskExecutor'
2020-07-06 15:43:00.115 [main] INFO  o.s.scheduling.concurrent.ThreadPoolTaskScheduler - Initializing ExecutorService
2020-07-06 15:43:00.200 [main] INFO  s.d.s.web.plugins.DocumentationPluginsBootstrapper - Context refreshed
2020-07-06 15:43:00.209 [main] INFO  s.d.s.web.plugins.DocumentationPluginsBootstrapper - Found 1 custom documentation plugin(s)
2020-07-06 15:43:00.234 [main] INFO  s.d.spring.web.scanners.ApiListingReferenceScanner - Scanning for api listing references
2020-07-06 15:43:00.400 [main] INFO  org.apache.coyote.http11.Http11NioProtocol - Starting ProtocolHandler ["http-nio-8001"]
2020-07-06 15:43:00.421 [main] INFO  o.s.boot.web.embedded.tomcat.TomcatWebServer - Tomcat started on port(s): 8001 (http) with context path ''
2020-07-06 15:43:00.467 [main] INFO  com.memoforward.eduservice.EduApplication - Started EduApplication in 3.204 seconds (JVM running for 3.682)
2020-07-06 15:43:22.248 [SpringContextShutdownHook] INFO  o.s.c.alibaba.nacos.registry.NacosServiceRegistry - De-registering from Nacos Server now...
2020-07-06 15:43:22.249 [SpringContextShutdownHook] INFO  o.s.c.alibaba.nacos.registry.NacosServiceRegistry - De-registration finished.
2020-07-06 15:43:22.265 [SpringContextShutdownHook] INFO  o.s.scheduling.concurrent.ThreadPoolTaskExecutor - Shutting down ExecutorService 'applicationTaskExecutor'
2020-07-06 15:43:58.355 [main] INFO  com.memoforward.eduservice.EduApplication - The following profiles are active: dev
2020-07-06 15:43:58.914 [main] INFO  o.s.d.r.config.RepositoryConfigurationDelegate - Multiple Spring Data modules found, entering strict repository configuration mode!
2020-07-06 15:43:58.915 [main] INFO  o.s.d.r.config.RepositoryConfigurationDelegate - Bootstrapping Spring Data Redis repositories in DEFAULT mode.
2020-07-06 15:43:58.937 [main] INFO  o.s.d.r.config.RepositoryConfigurationDelegate - Finished Spring Data repository scanning in 13ms. Found 0 Redis repository interfaces.
2020-07-06 15:43:59.100 [main] INFO  o.springframework.cloud.context.scope.GenericScope - BeanFactory id=4e376a21-15be-3eac-b872-dd11ec7eb401
2020-07-06 15:43:59.328 [main] INFO  o.s.boot.web.embedded.tomcat.TomcatWebServer - Tomcat initialized with port(s): 8001 (http)
2020-07-06 15:43:59.333 [main] INFO  org.apache.coyote.http11.Http11NioProtocol - Initializing ProtocolHandler ["http-nio-8001"]
2020-07-06 15:43:59.334 [main] INFO  org.apache.catalina.core.StandardService - Starting service [Tomcat]
2020-07-06 15:43:59.334 [main] INFO  org.apache.catalina.core.StandardEngine - Starting Servlet engine: [Apache Tomcat/9.0.31]
2020-07-06 15:43:59.401 [main] INFO  o.a.c.core.ContainerBase.[Tomcat].[localhost].[/] - Initializing Spring embedded WebApplicationContext
2020-07-06 15:43:59.401 [main] INFO  org.springframework.web.context.ContextLoader - Root WebApplicationContext: initialization completed in 1032 ms
2020-07-06 15:44:00.126 [main] INFO  s.d.s.w.PropertySourcedRequestMappingHandlerMapping - Mapped URL path [/v2/api-docs] onto method [springfox.documentation.swagger2.web.Swagger2Controller#getDocumentation(String, HttpServletRequest)]
2020-07-06 15:44:00.142 [main] INFO  com.netflix.config.sources.URLConfigurationSource - To enable URLs as dynamic configuration sources, define System property archaius.configurationSource.additionalUrls or make config.properties available on classpath.
2020-07-06 15:44:00.146 [main] INFO  com.netflix.config.sources.URLConfigurationSource - To enable URLs as dynamic configuration sources, define System property archaius.configurationSource.additionalUrls or make config.properties available on classpath.
2020-07-06 15:44:00.233 [main] INFO  o.s.scheduling.concurrent.ThreadPoolTaskExecutor - Initializing ExecutorService 'applicationTaskExecutor'
2020-07-06 15:44:00.816 [main] INFO  o.s.scheduling.concurrent.ThreadPoolTaskScheduler - Initializing ExecutorService
2020-07-06 15:44:00.967 [main] INFO  s.d.s.web.plugins.DocumentationPluginsBootstrapper - Context refreshed
2020-07-06 15:44:00.979 [main] INFO  s.d.s.web.plugins.DocumentationPluginsBootstrapper - Found 1 custom documentation plugin(s)
2020-07-06 15:44:01.007 [main] INFO  s.d.spring.web.scanners.ApiListingReferenceScanner - Scanning for api listing references
2020-07-06 15:44:01.186 [main] INFO  org.apache.coyote.http11.Http11NioProtocol - Starting ProtocolHandler ["http-nio-8001"]
2020-07-06 15:44:01.207 [main] INFO  o.s.boot.web.embedded.tomcat.TomcatWebServer - Tomcat started on port(s): 8001 (http) with context path ''
2020-07-06 15:44:01.263 [main] INFO  com.memoforward.eduservice.EduApplication - Started EduApplication in 3.532 seconds (JVM running for 3.998)
2020-07-06 15:44:33.468 [SpringContextShutdownHook] INFO  o.s.c.alibaba.nacos.registry.NacosServiceRegistry - De-registering from Nacos Server now...
2020-07-06 15:44:33.469 [SpringContextShutdownHook] INFO  o.s.c.alibaba.nacos.registry.NacosServiceRegistry - De-registration finished.
2020-07-06 15:44:33.481 [SpringContextShutdownHook] INFO  o.s.scheduling.concurrent.ThreadPoolTaskExecutor - Shutting down ExecutorService 'applicationTaskExecutor'
2020-07-06 15:46:07.717 [main] INFO  com.memoforward.eduservice.EduApplication - The following profiles are active: dev
2020-07-06 15:46:08.383 [main] INFO  o.s.d.r.config.RepositoryConfigurationDelegate - Multiple Spring Data modules found, entering strict repository configuration mode!
2020-07-06 15:46:08.385 [main] INFO  o.s.d.r.config.RepositoryConfigurationDelegate - Bootstrapping Spring Data repositories in DEFAULT mode.
2020-07-06 15:46:08.412 [main] INFO  o.s.d.r.config.RepositoryConfigurationDelegate - Finished Spring Data repository scanning in 13ms. Found 0 repository interfaces.
2020-07-06 15:46:08.624 [main] INFO  o.springframework.cloud.context.scope.GenericScope - BeanFactory id=e01e5a7d-b296-3880-9a3a-b45e3639c1b0
2020-07-06 15:46:08.715 [main] INFO  o.s.c.s.PostProcessorRegistrationDelegate$BeanPostProcessorChecker - Bean 'org.springframework.transaction.annotation.ProxyTransactionManagementConfiguration' of type [org.springframework.transaction.annotation.ProxyTransactionManagementConfiguration] is not eligible for getting processed by all BeanPostProcessors (for example: not eligible for auto-proxying)
2020-07-06 15:46:08.741 [main] INFO  o.s.c.s.PostProcessorRegistrationDelegate$BeanPostProcessorChecker - Bean 'org.springframework.cloud.autoconfigure.ConfigurationPropertiesRebinderAutoConfiguration' of type [org.springframework.cloud.autoconfigure.ConfigurationPropertiesRebinderAutoConfiguration] is not eligible for getting processed by all BeanPostProcessors (for example: not eligible for auto-proxying)
2020-07-06 15:46:08.918 [main] INFO  o.s.boot.web.embedded.tomcat.TomcatWebServer - Tomcat initialized with port(s): 8001 (http)
2020-07-06 15:46:08.925 [main] INFO  org.apache.coyote.http11.Http11NioProtocol - Initializing ProtocolHandler ["http-nio-8001"]
2020-07-06 15:46:08.926 [main] INFO  org.apache.catalina.core.StandardService - Starting service [Tomcat]
2020-07-06 15:46:08.926 [main] INFO  org.apache.catalina.core.StandardEngine - Starting Servlet engine: [Apache Tomcat/9.0.27]
2020-07-06 15:46:09.008 [main] INFO  o.a.c.core.ContainerBase.[Tomcat].[localhost].[/] - Initializing Spring embedded WebApplicationContext
2020-07-06 15:46:09.008 [main] INFO  org.springframework.web.context.ContextLoader - Root WebApplicationContext: initialization completed in 1272 ms
2020-07-06 15:46:09.747 [main] INFO  s.d.s.w.PropertySourcedRequestMappingHandlerMapping - Mapped URL path [/v2/api-docs] onto method [springfox.documentation.swagger2.web.Swagger2Controller#getDocumentation(String, HttpServletRequest)]
2020-07-06 15:46:09.762 [main] INFO  com.netflix.config.sources.URLConfigurationSource - To enable URLs as dynamic configuration sources, define System property archaius.configurationSource.additionalUrls or make config.properties available on classpath.
2020-07-06 15:46:09.765 [main] INFO  com.netflix.config.sources.URLConfigurationSource - To enable URLs as dynamic configuration sources, define System property archaius.configurationSource.additionalUrls or make config.properties available on classpath.
2020-07-06 15:46:09.853 [main] INFO  o.s.scheduling.concurrent.ThreadPoolTaskExecutor - Initializing ExecutorService 'applicationTaskExecutor'
2020-07-06 15:46:10.385 [main] INFO  o.s.scheduling.concurrent.ThreadPoolTaskScheduler - Initializing ExecutorService
2020-07-06 15:46:10.494 [main] INFO  s.d.s.web.plugins.DocumentationPluginsBootstrapper - Context refreshed
2020-07-06 15:46:10.511 [main] INFO  s.d.s.web.plugins.DocumentationPluginsBootstrapper - Found 1 custom documentation plugin(s)
2020-07-06 15:46:10.542 [main] INFO  s.d.spring.web.scanners.ApiListingReferenceScanner - Scanning for api listing references
2020-07-06 15:46:10.761 [main] INFO  org.apache.coyote.http11.Http11NioProtocol - Starting ProtocolHandler ["http-nio-8001"]
2020-07-06 15:46:10.783 [main] INFO  o.s.boot.web.embedded.tomcat.TomcatWebServer - Tomcat started on port(s): 8001 (http) with context path ''
2020-07-06 15:46:10.832 [main] INFO  com.memoforward.eduservice.EduApplication - Started EduApplication in 3.764 seconds (JVM running for 4.404)
2020-07-06 15:50:02.964 [SpringContextShutdownHook] INFO  o.s.c.alibaba.nacos.registry.NacosServiceRegistry - De-registering from Nacos Server now...
2020-07-06 15:50:02.965 [SpringContextShutdownHook] INFO  o.s.c.alibaba.nacos.registry.NacosServiceRegistry - De-registration finished.
2020-07-06 15:50:02.983 [SpringContextShutdownHook] INFO  o.s.scheduling.concurrent.ThreadPoolTaskExecutor - Shutting down ExecutorService 'applicationTaskExecutor'
2020-07-06 15:51:02.426 [main] INFO  com.memoforward.eduservice.EduApplication - The following profiles are active: dev
2020-07-06 15:51:02.946 [main] INFO  o.s.d.r.config.RepositoryConfigurationDelegate - Multiple Spring Data modules found, entering strict repository configuration mode!
2020-07-06 15:51:02.947 [main] INFO  o.s.d.r.config.RepositoryConfigurationDelegate - Bootstrapping Spring Data repositories in DEFAULT mode.
2020-07-06 15:51:02.965 [main] INFO  o.s.d.r.config.RepositoryConfigurationDelegate - Finished Spring Data repository scanning in 10ms. Found 0 repository interfaces.
2020-07-06 15:51:03.118 [main] INFO  o.springframework.cloud.context.scope.GenericScope - BeanFactory id=e01e5a7d-b296-3880-9a3a-b45e3639c1b0
2020-07-06 15:51:03.196 [main] INFO  o.s.c.s.PostProcessorRegistrationDelegate$BeanPostProcessorChecker - Bean 'org.springframework.transaction.annotation.ProxyTransactionManagementConfiguration' of type [org.springframework.transaction.annotation.ProxyTransactionManagementConfiguration] is not eligible for getting processed by all BeanPostProcessors (for example: not eligible for auto-proxying)
2020-07-06 15:51:03.216 [main] INFO  o.s.c.s.PostProcessorRegistrationDelegate$BeanPostProcessorChecker - Bean 'org.springframework.cloud.autoconfigure.ConfigurationPropertiesRebinderAutoConfiguration' of type [org.springframework.cloud.autoconfigure.ConfigurationPropertiesRebinderAutoConfiguration] is not eligible for getting processed by all BeanPostProcessors (for example: not eligible for auto-proxying)
2020-07-06 15:51:03.328 [main] INFO  o.s.boot.web.embedded.tomcat.TomcatWebServer - Tomcat initialized with port(s): 8001 (http)
2020-07-06 15:51:03.333 [main] INFO  org.apache.coyote.http11.Http11NioProtocol - Initializing ProtocolHandler ["http-nio-8001"]
2020-07-06 15:51:03.334 [main] INFO  org.apache.catalina.core.StandardService - Starting service [Tomcat]
2020-07-06 15:51:03.334 [main] INFO  org.apache.catalina.core.StandardEngine - Starting Servlet engine: [Apache Tomcat/9.0.27]
2020-07-06 15:51:03.398 [main] INFO  o.a.c.core.ContainerBase.[Tomcat].[localhost].[/] - Initializing Spring embedded WebApplicationContext
2020-07-06 15:51:03.399 [main] INFO  org.springframework.web.context.ContextLoader - Root WebApplicationContext: initialization completed in 960 ms
2020-07-06 15:51:04.055 [main] INFO  s.d.s.w.PropertySourcedRequestMappingHandlerMapping - Mapped URL path [/v2/api-docs] onto method [springfox.documentation.swagger2.web.Swagger2Controller#getDocumentation(String, HttpServletRequest)]
2020-07-06 15:51:04.070 [main] INFO  com.netflix.config.sources.URLConfigurationSource - To enable URLs as dynamic configuration sources, define System property archaius.configurationSource.additionalUrls or make config.properties available on classpath.
2020-07-06 15:51:04.072 [main] INFO  com.netflix.config.sources.URLConfigurationSource - To enable URLs as dynamic configuration sources, define System property archaius.configurationSource.additionalUrls or make config.properties available on classpath.
2020-07-06 15:51:04.150 [main] INFO  o.s.scheduling.concurrent.ThreadPoolTaskExecutor - Initializing ExecutorService 'applicationTaskExecutor'
2020-07-06 15:51:04.645 [main] INFO  o.s.scheduling.concurrent.ThreadPoolTaskScheduler - Initializing ExecutorService
2020-07-06 15:51:04.762 [main] INFO  s.d.s.web.plugins.DocumentationPluginsBootstrapper - Context refreshed
2020-07-06 15:51:04.778 [main] INFO  s.d.s.web.plugins.DocumentationPluginsBootstrapper - Found 1 custom documentation plugin(s)
2020-07-06 15:51:04.821 [main] INFO  s.d.spring.web.scanners.ApiListingReferenceScanner - Scanning for api listing references
2020-07-06 15:51:05.080 [main] INFO  org.apache.coyote.http11.Http11NioProtocol - Starting ProtocolHandler ["http-nio-8001"]
2020-07-06 15:51:05.114 [main] INFO  o.s.boot.web.embedded.tomcat.TomcatWebServer - Tomcat started on port(s): 8001 (http) with context path ''
2020-07-06 15:51:05.228 [main] INFO  com.memoforward.eduservice.EduApplication - Started EduApplication in 3.456 seconds (JVM running for 3.927)
2020-07-06 15:51:08.031 [SpringContextShutdownHook] INFO  o.s.c.alibaba.nacos.registry.NacosServiceRegistry - De-registering from Nacos Server now...
2020-07-06 15:51:08.032 [SpringContextShutdownHook] INFO  o.s.c.alibaba.nacos.registry.NacosServiceRegistry - De-registration finished.
2020-07-06 15:51:08.048 [SpringContextShutdownHook] INFO  o.s.scheduling.concurrent.ThreadPoolTaskExecutor - Shutting down ExecutorService 'applicationTaskExecutor'
2020-07-06 15:54:44.678 [main] INFO  com.memoforward.eduservice.EduApplication - The following profiles are active: dev
2020-07-06 15:54:45.237 [main] INFO  o.s.d.r.config.RepositoryConfigurationDelegate - Multiple Spring Data modules found, entering strict repository configuration mode!
2020-07-06 15:54:45.239 [main] INFO  o.s.d.r.config.RepositoryConfigurationDelegate - Bootstrapping Spring Data repositories in DEFAULT mode.
2020-07-06 15:54:45.264 [main] INFO  o.s.d.r.config.RepositoryConfigurationDelegate - Finished Spring Data repository scanning in 14ms. Found 0 repository interfaces.
2020-07-06 15:54:45.450 [main] INFO  o.springframework.cloud.context.scope.GenericScope - BeanFactory id=e01e5a7d-b296-3880-9a3a-b45e3639c1b0
2020-07-06 15:54:45.533 [main] INFO  o.s.c.s.PostProcessorRegistrationDelegate$BeanPostProcessorChecker - Bean 'org.springframework.transaction.annotation.ProxyTransactionManagementConfiguration' of type [org.springframework.transaction.annotation.ProxyTransactionManagementConfiguration] is not eligible for getting processed by all BeanPostProcessors (for example: not eligible for auto-proxying)
2020-07-06 15:54:45.555 [main] INFO  o.s.c.s.PostProcessorRegistrationDelegate$BeanPostProcessorChecker - Bean 'org.springframework.cloud.autoconfigure.ConfigurationPropertiesRebinderAutoConfiguration' of type [org.springframework.cloud.autoconfigure.ConfigurationPropertiesRebinderAutoConfiguration] is not eligible for getting processed by all BeanPostProcessors (for example: not eligible for auto-proxying)
2020-07-06 15:54:45.685 [main] INFO  o.s.boot.web.embedded.tomcat.TomcatWebServer - Tomcat initialized with port(s): 8001 (http)
2020-07-06 15:54:45.690 [main] INFO  org.apache.coyote.http11.Http11NioProtocol - Initializing ProtocolHandler ["http-nio-8001"]
2020-07-06 15:54:45.691 [main] INFO  org.apache.catalina.core.StandardService - Starting service [Tomcat]
2020-07-06 15:54:45.691 [main] INFO  org.apache.catalina.core.StandardEngine - Starting Servlet engine: [Apache Tomcat/9.0.27]
2020-07-06 15:54:45.758 [main] INFO  o.a.c.core.ContainerBase.[Tomcat].[localhost].[/] - Initializing Spring embedded WebApplicationContext
2020-07-06 15:54:45.758 [main] INFO  org.springframework.web.context.ContextLoader - Root WebApplicationContext: initialization completed in 1064 ms
2020-07-06 15:54:46.418 [main] INFO  s.d.s.w.PropertySourcedRequestMappingHandlerMapping - Mapped URL path [/v2/api-docs] onto method [springfox.documentation.swagger2.web.Swagger2Controller#getDocumentation(String, HttpServletRequest)]
2020-07-06 15:54:46.434 [main] INFO  com.netflix.config.sources.URLConfigurationSource - To enable URLs as dynamic configuration sources, define System property archaius.configurationSource.additionalUrls or make config.properties available on classpath.
2020-07-06 15:54:46.437 [main] INFO  com.netflix.config.sources.URLConfigurationSource - To enable URLs as dynamic configuration sources, define System property archaius.configurationSource.additionalUrls or make config.properties available on classpath.
2020-07-06 15:54:46.518 [main] INFO  o.s.scheduling.concurrent.ThreadPoolTaskExecutor - Initializing ExecutorService 'applicationTaskExecutor'
2020-07-06 15:54:46.932 [main] INFO  o.s.scheduling.concurrent.ThreadPoolTaskScheduler - Initializing ExecutorService
2020-07-06 15:54:47.020 [main] INFO  s.d.s.web.plugins.DocumentationPluginsBootstrapper - Context refreshed
2020-07-06 15:54:47.033 [main] INFO  s.d.s.web.plugins.DocumentationPluginsBootstrapper - Found 1 custom documentation plugin(s)
2020-07-06 15:54:47.059 [main] INFO  s.d.spring.web.scanners.ApiListingReferenceScanner - Scanning for api listing references
2020-07-06 15:54:47.252 [main] INFO  org.apache.coyote.http11.Http11NioProtocol - Starting ProtocolHandler ["http-nio-8001"]
2020-07-06 15:54:47.273 [main] INFO  o.s.boot.web.embedded.tomcat.TomcatWebServer - Tomcat started on port(s): 8001 (http) with context path ''
2020-07-06 15:54:47.340 [main] INFO  o.s.c.alibaba.nacos.registry.NacosServiceRegistry - nacos registry, service-edu 192.168.0.103:8001 register finished
2020-07-06 15:54:47.345 [main] INFO  com.memoforward.eduservice.EduApplication - Started EduApplication in 3.286 seconds (JVM running for 3.772)
2020-07-06 16:17:28.294 [SpringContextShutdownHook] INFO  o.s.c.alibaba.nacos.registry.NacosServiceRegistry - De-registering from Nacos Server now...
2020-07-06 16:17:28.299 [SpringContextShutdownHook] INFO  o.s.c.alibaba.nacos.registry.NacosServiceRegistry - De-registration finished.
2020-07-06 16:17:28.313 [SpringContextShutdownHook] INFO  o.s.scheduling.concurrent.ThreadPoolTaskExecutor - Shutting down ExecutorService 'applicationTaskExecutor'
2020-07-06 16:17:32.728 [main] INFO  com.memoforward.eduservice.EduApplication - The following profiles are active: dev
2020-07-06 16:17:33.257 [main] INFO  o.s.d.r.config.RepositoryConfigurationDelegate - Multiple Spring Data modules found, entering strict repository configuration mode!
2020-07-06 16:17:33.259 [main] INFO  o.s.d.r.config.RepositoryConfigurationDelegate - Bootstrapping Spring Data repositories in DEFAULT mode.
2020-07-06 16:17:33.276 [main] INFO  o.s.d.r.config.RepositoryConfigurationDelegate - Finished Spring Data repository scanning in 9ms. Found 0 repository interfaces.
2020-07-06 16:17:33.457 [main] INFO  o.springframework.cloud.context.scope.GenericScope - BeanFactory id=337f0f3e-4ea5-326c-8ba9-d9fb6794fb00
2020-07-06 16:17:33.574 [main] INFO  o.s.c.s.PostProcessorRegistrationDelegate$BeanPostProcessorChecker - Bean 'org.springframework.transaction.annotation.ProxyTransactionManagementConfiguration' of type [org.springframework.transaction.annotation.ProxyTransactionManagementConfiguration] is not eligible for getting processed by all BeanPostProcessors (for example: not eligible for auto-proxying)
2020-07-06 16:17:33.599 [main] INFO  o.s.c.s.PostProcessorRegistrationDelegate$BeanPostProcessorChecker - Bean 'org.springframework.cloud.autoconfigure.ConfigurationPropertiesRebinderAutoConfiguration' of type [org.springframework.cloud.autoconfigure.ConfigurationPropertiesRebinderAutoConfiguration] is not eligible for getting processed by all BeanPostProcessors (for example: not eligible for auto-proxying)
2020-07-06 16:17:33.769 [main] INFO  o.s.boot.web.embedded.tomcat.TomcatWebServer - Tomcat initialized with port(s): 8001 (http)
2020-07-06 16:17:33.777 [main] INFO  org.apache.coyote.http11.Http11NioProtocol - Initializing ProtocolHandler ["http-nio-8001"]
2020-07-06 16:17:33.777 [main] INFO  org.apache.catalina.core.StandardService - Starting service [Tomcat]
2020-07-06 16:17:33.778 [main] INFO  org.apache.catalina.core.StandardEngine - Starting Servlet engine: [Apache Tomcat/9.0.27]
2020-07-06 16:17:33.879 [main] INFO  o.a.c.core.ContainerBase.[Tomcat].[localhost].[/] - Initializing Spring embedded WebApplicationContext
2020-07-06 16:17:33.880 [main] INFO  org.springframework.web.context.ContextLoader - Root WebApplicationContext: initialization completed in 1139 ms
2020-07-06 16:17:34.659 [main] INFO  s.d.s.w.PropertySourcedRequestMappingHandlerMapping - Mapped URL path [/v2/api-docs] onto method [springfox.documentation.swagger2.web.Swagger2Controller#getDocumentation(String, HttpServletRequest)]
2020-07-06 16:17:34.673 [main] INFO  com.netflix.config.sources.URLConfigurationSource - To enable URLs as dynamic configuration sources, define System property archaius.configurationSource.additionalUrls or make config.properties available on classpath.
2020-07-06 16:17:34.676 [main] INFO  com.netflix.config.sources.URLConfigurationSource - To enable URLs as dynamic configuration sources, define System property archaius.configurationSource.additionalUrls or make config.properties available on classpath.
2020-07-06 16:17:34.761 [main] INFO  o.s.scheduling.concurrent.ThreadPoolTaskExecutor - Initializing ExecutorService 'applicationTaskExecutor'
2020-07-06 16:17:35.162 [main] INFO  o.s.scheduling.concurrent.ThreadPoolTaskScheduler - Initializing ExecutorService
2020-07-06 16:17:35.245 [main] INFO  s.d.s.web.plugins.DocumentationPluginsBootstrapper - Context refreshed
2020-07-06 16:17:35.257 [main] INFO  s.d.s.web.plugins.DocumentationPluginsBootstrapper - Found 1 custom documentation plugin(s)
2020-07-06 16:17:35.287 [main] INFO  s.d.spring.web.scanners.ApiListingReferenceScanner - Scanning for api listing references
2020-07-06 16:17:35.474 [main] INFO  org.apache.coyote.http11.Http11NioProtocol - Starting ProtocolHandler ["http-nio-8001"]
2020-07-06 16:17:35.494 [main] INFO  o.s.boot.web.embedded.tomcat.TomcatWebServer - Tomcat started on port(s): 8001 (http) with context path ''
2020-07-06 16:17:35.501 [main] INFO  o.s.c.alibaba.nacos.registry.NacosServiceRegistry - nacos registry, service-edu 192.168.0.103:8001 register finished
2020-07-06 16:17:35.505 [main] INFO  com.memoforward.eduservice.EduApplication - Started EduApplication in 3.321 seconds (JVM running for 4.016)
2020-07-06 16:18:31.496 [http-nio-8001-exec-1] INFO  o.a.c.core.ContainerBase.[Tomcat].[localhost].[/] - Initializing Spring DispatcherServlet 'dispatcherServlet'
2020-07-06 16:18:31.497 [http-nio-8001-exec-1] INFO  org.springframework.web.servlet.DispatcherServlet - Initializing Servlet 'dispatcherServlet'
2020-07-06 16:18:31.503 [http-nio-8001-exec-1] INFO  org.springframework.web.servlet.DispatcherServlet - Completed initialization in 6 ms
2020-07-06 16:18:31.637 [http-nio-8001-exec-2] INFO  com.zaxxer.hikari.HikariDataSource - HikariPool-1 - Starting...
2020-07-06 16:18:32.027 [http-nio-8001-exec-2] INFO  com.zaxxer.hikari.HikariDataSource - HikariPool-1 - Start completed.
2020-07-06 16:19:25.274 [http-nio-8001-exec-6] INFO  com.netflix.config.ChainedDynamicProperty - Flipping property: service-vod.ribbon.ActiveConnectionsLimit to use NEXT property: niws.loadbalancer.availabilityFilteringRule.activeConnectionsLimit = 2147483647
2020-07-06 16:19:25.290 [http-nio-8001-exec-6] INFO  com.netflix.loadbalancer.BaseLoadBalancer - Client: service-vod instantiated a LoadBalancer: DynamicServerListLoadBalancer:{NFLoadBalancer:name=service-vod,current list of Servers=[],Load balancer stats=Zone stats: {},Server stats: []}ServerList:null
2020-07-06 16:19:25.300 [http-nio-8001-exec-6] INFO  c.n.loadbalancer.DynamicServerListLoadBalancer - Using serverListUpdater PollingServerListUpdater
2020-07-06 16:19:25.312 [http-nio-8001-exec-6] INFO  com.netflix.config.ChainedDynamicProperty - Flipping property: service-vod.ribbon.ActiveConnectionsLimit to use NEXT property: niws.loadbalancer.availabilityFilteringRule.activeConnectionsLimit = 2147483647
2020-07-06 16:19:25.314 [http-nio-8001-exec-6] INFO  c.n.loadbalancer.DynamicServerListLoadBalancer - DynamicServerListLoadBalancer for client service-vod initialized: DynamicServerListLoadBalancer:{NFLoadBalancer:name=service-vod,current list of Servers=[192.168.0.103:8003],Load balancer stats=Zone stats: {unknown=[Zone:unknown;	Instance count:1;	Active connections count: 0;	Circuit breaker tripped count: 0;	Active connections per server: 0.0;]
},Server stats: [[Server:192.168.0.103:8003;	Zone:UNKNOWN;	Total Requests:0;	Successive connection failure:0;	Total blackout seconds:0;	Last connection made:Thu Jan 01 08:00:00 CST 1970;	First connection made: Thu Jan 01 08:00:00 CST 1970;	Active Connections:0;	total failure count in last (1000) msecs:0;	average resp time:0.0;	90 percentile resp time:0.0;	95 percentile resp time:0.0;	min resp time:0.0;	max resp time:0.0;	stddev resp time:0.0]
]}ServerList:org.springframework.cloud.alibaba.nacos.ribbon.NacosServerList@16aa2b7e
2020-07-06 16:19:26.304 [PollingServerListUpdater-0] INFO  com.netflix.config.ChainedDynamicProperty - Flipping property: service-vod.ribbon.ActiveConnectionsLimit to use NEXT property: niws.loadbalancer.availabilityFilteringRule.activeConnectionsLimit = 2147483647
2020-07-06 16:24:52.250 [Thread-36] INFO  com.netflix.loadbalancer.PollingServerListUpdater - Shutting down the Executor Pool for PollingServerListUpdater
2020-07-06 16:24:52.253 [SpringContextShutdownHook] INFO  o.s.c.alibaba.nacos.registry.NacosServiceRegistry - De-registering from Nacos Server now...
2020-07-06 16:24:52.255 [SpringContextShutdownHook] INFO  o.s.c.alibaba.nacos.registry.NacosServiceRegistry - De-registration finished.
2020-07-06 16:24:52.270 [SpringContextShutdownHook] INFO  o.s.scheduling.concurrent.ThreadPoolTaskExecutor - Shutting down ExecutorService 'applicationTaskExecutor'
2020-07-06 16:24:52.281 [SpringContextShutdownHook] INFO  com.zaxxer.hikari.HikariDataSource - HikariPool-1 - Shutdown initiated...
2020-07-06 16:24:52.290 [SpringContextShutdownHook] INFO  com.zaxxer.hikari.HikariDataSource - HikariPool-1 - Shutdown completed.
2020-07-06 16:24:56.499 [main] INFO  com.memoforward.eduservice.EduApplication - The following profiles are active: dev
2020-07-06 16:24:57.126 [main] INFO  o.s.d.r.config.RepositoryConfigurationDelegate - Multiple Spring Data modules found, entering strict repository configuration mode!
2020-07-06 16:24:57.128 [main] INFO  o.s.d.r.config.RepositoryConfigurationDelegate - Bootstrapping Spring Data repositories in DEFAULT mode.
2020-07-06 16:24:57.144 [main] INFO  o.s.d.r.config.RepositoryConfigurationDelegate - Finished Spring Data repository scanning in 9ms. Found 0 repository interfaces.
2020-07-06 16:24:57.317 [main] INFO  o.springframework.cloud.context.scope.GenericScope - BeanFactory id=337f0f3e-4ea5-326c-8ba9-d9fb6794fb00
2020-07-06 16:24:57.403 [main] INFO  o.s.c.s.PostProcessorRegistrationDelegate$BeanPostProcessorChecker - Bean 'org.springframework.transaction.annotation.ProxyTransactionManagementConfiguration' of type [org.springframework.transaction.annotation.ProxyTransactionManagementConfiguration] is not eligible for getting processed by all BeanPostProcessors (for example: not eligible for auto-proxying)
2020-07-06 16:24:57.427 [main] INFO  o.s.c.s.PostProcessorRegistrationDelegate$BeanPostProcessorChecker - Bean 'org.springframework.cloud.autoconfigure.ConfigurationPropertiesRebinderAutoConfiguration' of type [org.springframework.cloud.autoconfigure.ConfigurationPropertiesRebinderAutoConfiguration] is not eligible for getting processed by all BeanPostProcessors (for example: not eligible for auto-proxying)
2020-07-06 16:24:57.542 [main] INFO  o.s.boot.web.embedded.tomcat.TomcatWebServer - Tomcat initialized with port(s): 8001 (http)
2020-07-06 16:24:57.547 [main] INFO  org.apache.coyote.http11.Http11NioProtocol - Initializing ProtocolHandler ["http-nio-8001"]
2020-07-06 16:24:57.547 [main] INFO  org.apache.catalina.core.StandardService - Starting service [Tomcat]
2020-07-06 16:24:57.547 [main] INFO  org.apache.catalina.core.StandardEngine - Starting Servlet engine: [Apache Tomcat/9.0.27]
2020-07-06 16:24:57.612 [main] INFO  o.a.c.core.ContainerBase.[Tomcat].[localhost].[/] - Initializing Spring embedded WebApplicationContext
2020-07-06 16:24:57.612 [main] INFO  org.springframework.web.context.ContextLoader - Root WebApplicationContext: initialization completed in 1099 ms
2020-07-06 16:24:58.418 [main] INFO  s.d.s.w.PropertySourcedRequestMappingHandlerMapping - Mapped URL path [/v2/api-docs] onto method [springfox.documentation.swagger2.web.Swagger2Controller#getDocumentation(String, HttpServletRequest)]
2020-07-06 16:24:58.433 [main] INFO  com.netflix.config.sources.URLConfigurationSource - To enable URLs as dynamic configuration sources, define System property archaius.configurationSource.additionalUrls or make config.properties available on classpath.
2020-07-06 16:24:58.436 [main] INFO  com.netflix.config.sources.URLConfigurationSource - To enable URLs as dynamic configuration sources, define System property archaius.configurationSource.additionalUrls or make config.properties available on classpath.
2020-07-06 16:24:58.525 [main] INFO  o.s.scheduling.concurrent.ThreadPoolTaskExecutor - Initializing ExecutorService 'applicationTaskExecutor'
2020-07-06 16:24:58.934 [main] INFO  o.s.scheduling.concurrent.ThreadPoolTaskScheduler - Initializing ExecutorService
2020-07-06 16:24:59.013 [main] INFO  s.d.s.web.plugins.DocumentationPluginsBootstrapper - Context refreshed
2020-07-06 16:24:59.024 [main] INFO  s.d.s.web.plugins.DocumentationPluginsBootstrapper - Found 1 custom documentation plugin(s)
2020-07-06 16:24:59.053 [main] INFO  s.d.spring.web.scanners.ApiListingReferenceScanner - Scanning for api listing references
2020-07-06 16:24:59.242 [main] INFO  org.apache.coyote.http11.Http11NioProtocol - Starting ProtocolHandler ["http-nio-8001"]
2020-07-06 16:24:59.266 [main] INFO  o.s.boot.web.embedded.tomcat.TomcatWebServer - Tomcat started on port(s): 8001 (http) with context path ''
2020-07-06 16:24:59.273 [main] INFO  o.s.c.alibaba.nacos.registry.NacosServiceRegistry - nacos registry, service-edu 192.168.0.103:8001 register finished
2020-07-06 16:24:59.277 [main] INFO  com.memoforward.eduservice.EduApplication - Started EduApplication in 3.416 seconds (JVM running for 4.058)
2020-07-06 16:25:04.611 [http-nio-8001-exec-1] INFO  o.a.c.core.ContainerBase.[Tomcat].[localhost].[/] - Initializing Spring DispatcherServlet 'dispatcherServlet'
2020-07-06 16:25:04.611 [http-nio-8001-exec-1] INFO  org.springframework.web.servlet.DispatcherServlet - Initializing Servlet 'dispatcherServlet'
2020-07-06 16:25:04.617 [http-nio-8001-exec-1] INFO  org.springframework.web.servlet.DispatcherServlet - Completed initialization in 5 ms
2020-07-06 16:25:04.878 [http-nio-8001-exec-3] INFO  com.zaxxer.hikari.HikariDataSource - HikariPool-1 - Starting...
2020-07-06 16:25:05.328 [http-nio-8001-exec-3] INFO  com.zaxxer.hikari.HikariDataSource - HikariPool-1 - Start completed.
2020-07-06 16:25:09.398 [http-nio-8001-exec-4] INFO  com.netflix.config.ChainedDynamicProperty - Flipping property: service-vod.ribbon.ActiveConnectionsLimit to use NEXT property: niws.loadbalancer.availabilityFilteringRule.activeConnectionsLimit = 2147483647
2020-07-06 16:25:09.415 [http-nio-8001-exec-4] INFO  com.netflix.loadbalancer.BaseLoadBalancer - Client: service-vod instantiated a LoadBalancer: DynamicServerListLoadBalancer:{NFLoadBalancer:name=service-vod,current list of Servers=[],Load balancer stats=Zone stats: {},Server stats: []}ServerList:null
2020-07-06 16:25:09.420 [http-nio-8001-exec-4] INFO  c.n.loadbalancer.DynamicServerListLoadBalancer - Using serverListUpdater PollingServerListUpdater
2020-07-06 16:25:09.431 [http-nio-8001-exec-4] INFO  com.netflix.config.ChainedDynamicProperty - Flipping property: service-vod.ribbon.ActiveConnectionsLimit to use NEXT property: niws.loadbalancer.availabilityFilteringRule.activeConnectionsLimit = 2147483647
2020-07-06 16:25:09.433 [http-nio-8001-exec-4] INFO  c.n.loadbalancer.DynamicServerListLoadBalancer - DynamicServerListLoadBalancer for client service-vod initialized: DynamicServerListLoadBalancer:{NFLoadBalancer:name=service-vod,current list of Servers=[192.168.0.103:8003],Load balancer stats=Zone stats: {unknown=[Zone:unknown;	Instance count:1;	Active connections count: 0;	Circuit breaker tripped count: 0;	Active connections per server: 0.0;]
},Server stats: [[Server:192.168.0.103:8003;	Zone:UNKNOWN;	Total Requests:0;	Successive connection failure:0;	Total blackout seconds:0;	Last connection made:Thu Jan 01 08:00:00 CST 1970;	First connection made: Thu Jan 01 08:00:00 CST 1970;	Active Connections:0;	total failure count in last (1000) msecs:0;	average resp time:0.0;	90 percentile resp time:0.0;	95 percentile resp time:0.0;	min resp time:0.0;	max resp time:0.0;	stddev resp time:0.0]
]}ServerList:org.springframework.cloud.alibaba.nacos.ribbon.NacosServerList@530b3433
2020-07-06 16:25:10.428 [PollingServerListUpdater-0] INFO  com.netflix.config.ChainedDynamicProperty - Flipping property: service-vod.ribbon.ActiveConnectionsLimit to use NEXT property: niws.loadbalancer.availabilityFilteringRule.activeConnectionsLimit = 2147483647
2020-07-06 16:27:10.871 [Thread-30] INFO  com.netflix.loadbalancer.PollingServerListUpdater - Shutting down the Executor Pool for PollingServerListUpdater
2020-07-06 16:27:10.873 [SpringContextShutdownHook] INFO  o.s.c.alibaba.nacos.registry.NacosServiceRegistry - De-registering from Nacos Server now...
2020-07-06 16:27:10.877 [SpringContextShutdownHook] INFO  o.s.c.alibaba.nacos.registry.NacosServiceRegistry - De-registration finished.
2020-07-06 16:27:10.892 [SpringContextShutdownHook] INFO  o.s.scheduling.concurrent.ThreadPoolTaskExecutor - Shutting down ExecutorService 'applicationTaskExecutor'
2020-07-06 16:27:10.902 [SpringContextShutdownHook] INFO  com.zaxxer.hikari.HikariDataSource - HikariPool-1 - Shutdown initiated...
2020-07-06 16:27:10.909 [SpringContextShutdownHook] INFO  com.zaxxer.hikari.HikariDataSource - HikariPool-1 - Shutdown completed.
2020-07-06 16:27:14.637 [main] INFO  com.memoforward.eduservice.EduApplication - The following profiles are active: dev
2020-07-06 16:27:15.285 [main] INFO  o.s.d.r.config.RepositoryConfigurationDelegate - Multiple Spring Data modules found, entering strict repository configuration mode!
2020-07-06 16:27:15.286 [main] INFO  o.s.d.r.config.RepositoryConfigurationDelegate - Bootstrapping Spring Data repositories in DEFAULT mode.
2020-07-06 16:27:15.303 [main] INFO  o.s.d.r.config.RepositoryConfigurationDelegate - Finished Spring Data repository scanning in 9ms. Found 0 repository interfaces.
2020-07-06 16:27:15.467 [main] INFO  o.springframework.cloud.context.scope.GenericScope - BeanFactory id=337f0f3e-4ea5-326c-8ba9-d9fb6794fb00
2020-07-06 16:27:15.563 [main] INFO  o.s.c.s.PostProcessorRegistrationDelegate$BeanPostProcessorChecker - Bean 'org.springframework.transaction.annotation.ProxyTransactionManagementConfiguration' of type [org.springframework.transaction.annotation.ProxyTransactionManagementConfiguration] is not eligible for getting processed by all BeanPostProcessors (for example: not eligible for auto-proxying)
2020-07-06 16:27:15.588 [main] INFO  o.s.c.s.PostProcessorRegistrationDelegate$BeanPostProcessorChecker - Bean 'org.springframework.cloud.autoconfigure.ConfigurationPropertiesRebinderAutoConfiguration' of type [org.springframework.cloud.autoconfigure.ConfigurationPropertiesRebinderAutoConfiguration] is not eligible for getting processed by all BeanPostProcessors (for example: not eligible for auto-proxying)
2020-07-06 16:27:15.711 [main] INFO  o.s.boot.web.embedded.tomcat.TomcatWebServer - Tomcat initialized with port(s): 8001 (http)
2020-07-06 16:27:15.716 [main] INFO  org.apache.coyote.http11.Http11NioProtocol - Initializing ProtocolHandler ["http-nio-8001"]
2020-07-06 16:27:15.717 [main] INFO  org.apache.catalina.core.StandardService - Starting service [Tomcat]
2020-07-06 16:27:15.717 [main] INFO  org.apache.catalina.core.StandardEngine - Starting Servlet engine: [Apache Tomcat/9.0.27]
2020-07-06 16:27:15.784 [main] INFO  o.a.c.core.ContainerBase.[Tomcat].[localhost].[/] - Initializing Spring embedded WebApplicationContext
2020-07-06 16:27:15.784 [main] INFO  org.springframework.web.context.ContextLoader - Root WebApplicationContext: initialization completed in 1132 ms
2020-07-06 16:27:16.566 [main] INFO  s.d.s.w.PropertySourcedRequestMappingHandlerMapping - Mapped URL path [/v2/api-docs] onto method [springfox.documentation.swagger2.web.Swagger2Controller#getDocumentation(String, HttpServletRequest)]
2020-07-06 16:27:16.581 [main] INFO  com.netflix.config.sources.URLConfigurationSource - To enable URLs as dynamic configuration sources, define System property archaius.configurationSource.additionalUrls or make config.properties available on classpath.
2020-07-06 16:27:16.584 [main] INFO  com.netflix.config.sources.URLConfigurationSource - To enable URLs as dynamic configuration sources, define System property archaius.configurationSource.additionalUrls or make config.properties available on classpath.
2020-07-06 16:27:16.674 [main] INFO  o.s.scheduling.concurrent.ThreadPoolTaskExecutor - Initializing ExecutorService 'applicationTaskExecutor'
2020-07-06 16:27:17.070 [main] INFO  o.s.scheduling.concurrent.ThreadPoolTaskScheduler - Initializing ExecutorService
2020-07-06 16:27:17.153 [main] INFO  s.d.s.web.plugins.DocumentationPluginsBootstrapper - Context refreshed
2020-07-06 16:27:17.167 [main] INFO  s.d.s.web.plugins.DocumentationPluginsBootstrapper - Found 1 custom documentation plugin(s)
2020-07-06 16:27:17.196 [main] INFO  s.d.spring.web.scanners.ApiListingReferenceScanner - Scanning for api listing references
2020-07-06 16:27:17.383 [main] INFO  org.apache.coyote.http11.Http11NioProtocol - Starting ProtocolHandler ["http-nio-8001"]
2020-07-06 16:27:17.404 [main] INFO  o.s.boot.web.embedded.tomcat.TomcatWebServer - Tomcat started on port(s): 8001 (http) with context path ''
2020-07-06 16:27:17.411 [main] INFO  o.s.c.alibaba.nacos.registry.NacosServiceRegistry - nacos registry, service-edu 192.168.0.103:8001 register finished
2020-07-06 16:27:17.414 [main] INFO  com.memoforward.eduservice.EduApplication - Started EduApplication in 3.322 seconds (JVM running for 3.808)
2020-07-06 16:27:25.487 [http-nio-8001-exec-1] INFO  o.a.c.core.ContainerBase.[Tomcat].[localhost].[/] - Initializing Spring DispatcherServlet 'dispatcherServlet'
2020-07-06 16:27:25.488 [http-nio-8001-exec-1] INFO  org.springframework.web.servlet.DispatcherServlet - Initializing Servlet 'dispatcherServlet'
2020-07-06 16:27:25.496 [http-nio-8001-exec-1] INFO  org.springframework.web.servlet.DispatcherServlet - Completed initialization in 8 ms
2020-07-06 16:27:25.562 [http-nio-8001-exec-1] INFO  com.zaxxer.hikari.HikariDataSource - HikariPool-1 - Starting...
2020-07-06 16:27:25.887 [http-nio-8001-exec-1] INFO  com.zaxxer.hikari.HikariDataSource - HikariPool-1 - Start completed.
2020-07-06 16:27:26.158 [http-nio-8001-exec-1] INFO  com.netflix.config.ChainedDynamicProperty - Flipping property: service-vod.ribbon.ActiveConnectionsLimit to use NEXT property: niws.loadbalancer.availabilityFilteringRule.activeConnectionsLimit = 2147483647
2020-07-06 16:27:26.168 [http-nio-8001-exec-1] INFO  com.netflix.loadbalancer.BaseLoadBalancer - Client: service-vod instantiated a LoadBalancer: DynamicServerListLoadBalancer:{NFLoadBalancer:name=service-vod,current list of Servers=[],Load balancer stats=Zone stats: {},Server stats: []}ServerList:null
2020-07-06 16:27:26.172 [http-nio-8001-exec-1] INFO  c.n.loadbalancer.DynamicServerListLoadBalancer - Using serverListUpdater PollingServerListUpdater
2020-07-06 16:27:26.180 [http-nio-8001-exec-1] INFO  com.netflix.config.ChainedDynamicProperty - Flipping property: service-vod.ribbon.ActiveConnectionsLimit to use NEXT property: niws.loadbalancer.availabilityFilteringRule.activeConnectionsLimit = 2147483647
2020-07-06 16:27:26.181 [http-nio-8001-exec-1] INFO  c.n.loadbalancer.DynamicServerListLoadBalancer - DynamicServerListLoadBalancer for client service-vod initialized: DynamicServerListLoadBalancer:{NFLoadBalancer:name=service-vod,current list of Servers=[192.168.0.103:8003],Load balancer stats=Zone stats: {unknown=[Zone:unknown;	Instance count:1;	Active connections count: 0;	Circuit breaker tripped count: 0;	Active connections per server: 0.0;]
},Server stats: [[Server:192.168.0.103:8003;	Zone:UNKNOWN;	Total Requests:0;	Successive connection failure:0;	Total blackout seconds:0;	Last connection made:Thu Jan 01 08:00:00 CST 1970;	First connection made: Thu Jan 01 08:00:00 CST 1970;	Active Connections:0;	total failure count in last (1000) msecs:0;	average resp time:0.0;	90 percentile resp time:0.0;	95 percentile resp time:0.0;	min resp time:0.0;	max resp time:0.0;	stddev resp time:0.0]
]}ServerList:org.springframework.cloud.alibaba.nacos.ribbon.NacosServerList@248dfab8
2020-07-06 16:27:27.177 [PollingServerListUpdater-0] INFO  com.netflix.config.ChainedDynamicProperty - Flipping property: service-vod.ribbon.ActiveConnectionsLimit to use NEXT property: niws.loadbalancer.availabilityFilteringRule.activeConnectionsLimit = 2147483647
2020-07-06 17:27:55.651 [Thread-28] INFO  com.netflix.loadbalancer.PollingServerListUpdater - Shutting down the Executor Pool for PollingServerListUpdater
2020-07-06 17:27:55.658 [SpringContextShutdownHook] INFO  o.s.c.alibaba.nacos.registry.NacosServiceRegistry - De-registering from Nacos Server now...
2020-07-06 17:27:55.660 [SpringContextShutdownHook] INFO  o.s.c.alibaba.nacos.registry.NacosServiceRegistry - De-registration finished.
2020-07-06 17:27:55.675 [SpringContextShutdownHook] INFO  o.s.scheduling.concurrent.ThreadPoolTaskExecutor - Shutting down ExecutorService 'applicationTaskExecutor'
2020-07-06 17:27:55.691 [SpringContextShutdownHook] INFO  com.zaxxer.hikari.HikariDataSource - HikariPool-1 - Shutdown initiated...
2020-07-06 17:27:55.694 [SpringContextShutdownHook] INFO  com.zaxxer.hikari.HikariDataSource - HikariPool-1 - Shutdown completed.
2020-07-06 17:28:00.252 [main] INFO  com.memoforward.eduservice.EduApplication - The following profiles are active: dev
2020-07-06 17:28:00.885 [main] INFO  o.s.d.r.config.RepositoryConfigurationDelegate - Multiple Spring Data modules found, entering strict repository configuration mode!
2020-07-06 17:28:00.886 [main] INFO  o.s.d.r.config.RepositoryConfigurationDelegate - Bootstrapping Spring Data repositories in DEFAULT mode.
2020-07-06 17:28:00.905 [main] INFO  o.s.d.r.config.RepositoryConfigurationDelegate - Finished Spring Data repository scanning in 10ms. Found 0 repository interfaces.
2020-07-06 17:28:01.075 [main] INFO  o.springframework.cloud.context.scope.GenericScope - BeanFactory id=337f0f3e-4ea5-326c-8ba9-d9fb6794fb00
2020-07-06 17:28:01.165 [main] INFO  o.s.c.s.PostProcessorRegistrationDelegate$BeanPostProcessorChecker - Bean 'org.springframework.transaction.annotation.ProxyTransactionManagementConfiguration' of type [org.springframework.transaction.annotation.ProxyTransactionManagementConfiguration] is not eligible for getting processed by all BeanPostProcessors (for example: not eligible for auto-proxying)
2020-07-06 17:28:01.187 [main] INFO  o.s.c.s.PostProcessorRegistrationDelegate$BeanPostProcessorChecker - Bean 'org.springframework.cloud.autoconfigure.ConfigurationPropertiesRebinderAutoConfiguration' of type [org.springframework.cloud.autoconfigure.ConfigurationPropertiesRebinderAutoConfiguration] is not eligible for getting processed by all BeanPostProcessors (for example: not eligible for auto-proxying)
2020-07-06 17:28:01.315 [main] INFO  o.s.boot.web.embedded.tomcat.TomcatWebServer - Tomcat initialized with port(s): 8001 (http)
2020-07-06 17:28:01.321 [main] INFO  org.apache.coyote.http11.Http11NioProtocol - Initializing ProtocolHandler ["http-nio-8001"]
2020-07-06 17:28:01.321 [main] INFO  org.apache.catalina.core.StandardService - Starting service [Tomcat]
2020-07-06 17:28:01.322 [main] INFO  org.apache.catalina.core.StandardEngine - Starting Servlet engine: [Apache Tomcat/9.0.27]
2020-07-06 17:28:01.394 [main] INFO  o.a.c.core.ContainerBase.[Tomcat].[localhost].[/] - Initializing Spring embedded WebApplicationContext
2020-07-06 17:28:01.394 [main] INFO  org.springframework.web.context.ContextLoader - Root WebApplicationContext: initialization completed in 1127 ms
2020-07-06 17:28:02.183 [main] INFO  s.d.s.w.PropertySourcedRequestMappingHandlerMapping - Mapped URL path [/v2/api-docs] onto method [springfox.documentation.swagger2.web.Swagger2Controller#getDocumentation(String, HttpServletRequest)]
2020-07-06 17:28:02.197 [main] INFO  com.netflix.config.sources.URLConfigurationSource - To enable URLs as dynamic configuration sources, define System property archaius.configurationSource.additionalUrls or make config.properties available on classpath.
2020-07-06 17:28:02.200 [main] INFO  com.netflix.config.sources.URLConfigurationSource - To enable URLs as dynamic configuration sources, define System property archaius.configurationSource.additionalUrls or make config.properties available on classpath.
2020-07-06 17:28:02.286 [main] INFO  o.s.scheduling.concurrent.ThreadPoolTaskExecutor - Initializing ExecutorService 'applicationTaskExecutor'
2020-07-06 17:28:02.681 [main] INFO  o.s.scheduling.concurrent.ThreadPoolTaskScheduler - Initializing ExecutorService
2020-07-06 17:28:02.756 [main] INFO  s.d.s.web.plugins.DocumentationPluginsBootstrapper - Context refreshed
2020-07-06 17:28:02.768 [main] INFO  s.d.s.web.plugins.DocumentationPluginsBootstrapper - Found 1 custom documentation plugin(s)
2020-07-06 17:28:02.796 [main] INFO  s.d.spring.web.scanners.ApiListingReferenceScanner - Scanning for api listing references
2020-07-06 17:28:02.981 [main] INFO  org.apache.coyote.http11.Http11NioProtocol - Starting ProtocolHandler ["http-nio-8001"]
2020-07-06 17:28:03.001 [main] INFO  o.s.boot.web.embedded.tomcat.TomcatWebServer - Tomcat started on port(s): 8001 (http) with context path ''
2020-07-06 17:28:03.007 [main] INFO  o.s.c.alibaba.nacos.registry.NacosServiceRegistry - nacos registry, service-edu 192.168.0.103:8001 register finished
2020-07-06 17:28:03.011 [main] INFO  com.memoforward.eduservice.EduApplication - Started EduApplication in 3.311 seconds (JVM running for 3.955)
2020-07-06 17:28:58.783 [SpringContextShutdownHook] INFO  o.s.c.alibaba.nacos.registry.NacosServiceRegistry - De-registering from Nacos Server now...
2020-07-06 17:28:58.786 [SpringContextShutdownHook] INFO  o.s.c.alibaba.nacos.registry.NacosServiceRegistry - De-registration finished.
2020-07-06 17:28:58.801 [SpringContextShutdownHook] INFO  o.s.scheduling.concurrent.ThreadPoolTaskExecutor - Shutting down ExecutorService 'applicationTaskExecutor'
2020-07-06 17:29:02.348 [main] INFO  com.memoforward.eduservice.EduApplication - The following profiles are active: dev
2020-07-06 17:29:02.943 [main] INFO  o.s.d.r.config.RepositoryConfigurationDelegate - Multiple Spring Data modules found, entering strict repository configuration mode!
2020-07-06 17:29:02.945 [main] INFO  o.s.d.r.config.RepositoryConfigurationDelegate - Bootstrapping Spring Data repositories in DEFAULT mode.
2020-07-06 17:29:02.968 [main] INFO  o.s.d.r.config.RepositoryConfigurationDelegate - Finished Spring Data repository scanning in 13ms. Found 0 repository interfaces.
2020-07-06 17:29:03.166 [main] INFO  o.springframework.cloud.context.scope.GenericScope - BeanFactory id=337f0f3e-4ea5-326c-8ba9-d9fb6794fb00
2020-07-06 17:29:03.261 [main] INFO  o.s.c.s.PostProcessorRegistrationDelegate$BeanPostProcessorChecker - Bean 'org.springframework.transaction.annotation.ProxyTransactionManagementConfiguration' of type [org.springframework.transaction.annotation.ProxyTransactionManagementConfiguration] is not eligible for getting processed by all BeanPostProcessors (for example: not eligible for auto-proxying)
2020-07-06 17:29:03.286 [main] INFO  o.s.c.s.PostProcessorRegistrationDelegate$BeanPostProcessorChecker - Bean 'org.springframework.cloud.autoconfigure.ConfigurationPropertiesRebinderAutoConfiguration' of type [org.springframework.cloud.autoconfigure.ConfigurationPropertiesRebinderAutoConfiguration] is not eligible for getting processed by all BeanPostProcessors (for example: not eligible for auto-proxying)
2020-07-06 17:29:03.414 [main] INFO  o.s.boot.web.embedded.tomcat.TomcatWebServer - Tomcat initialized with port(s): 8001 (http)
2020-07-06 17:29:03.421 [main] INFO  org.apache.coyote.http11.Http11NioProtocol - Initializing ProtocolHandler ["http-nio-8001"]
2020-07-06 17:29:03.422 [main] INFO  org.apache.catalina.core.StandardService - Starting service [Tomcat]
2020-07-06 17:29:03.422 [main] INFO  org.apache.catalina.core.StandardEngine - Starting Servlet engine: [Apache Tomcat/9.0.27]
2020-07-06 17:29:03.497 [main] INFO  o.a.c.core.ContainerBase.[Tomcat].[localhost].[/] - Initializing Spring embedded WebApplicationContext
2020-07-06 17:29:03.497 [main] INFO  org.springframework.web.context.ContextLoader - Root WebApplicationContext: initialization completed in 1136 ms
2020-07-06 17:29:04.277 [main] INFO  s.d.s.w.PropertySourcedRequestMappingHandlerMapping - Mapped URL path [/v2/api-docs] onto method [springfox.documentation.swagger2.web.Swagger2Controller#getDocumentation(String, HttpServletRequest)]
2020-07-06 17:29:04.291 [main] INFO  com.netflix.config.sources.URLConfigurationSource - URLs to be used as dynamic configuration source: [file:/Users/memoforward/Documents/Project/Java/Online%20Education/service/service_edu/target/classes/config.properties]
2020-07-06 17:29:04.296 [main] INFO  com.netflix.config.sources.URLConfigurationSource - URLs to be used as dynamic configuration source: [file:/Users/memoforward/Documents/Project/Java/Online%20Education/service/service_edu/target/classes/config.properties]
2020-07-06 17:29:04.380 [main] INFO  o.s.scheduling.concurrent.ThreadPoolTaskExecutor - Initializing ExecutorService 'applicationTaskExecutor'
2020-07-06 17:29:04.776 [main] INFO  o.s.scheduling.concurrent.ThreadPoolTaskScheduler - Initializing ExecutorService
2020-07-06 17:29:04.856 [main] INFO  s.d.s.web.plugins.DocumentationPluginsBootstrapper - Context refreshed
2020-07-06 17:29:04.867 [main] INFO  s.d.s.web.plugins.DocumentationPluginsBootstrapper - Found 1 custom documentation plugin(s)
2020-07-06 17:29:04.894 [main] INFO  s.d.spring.web.scanners.ApiListingReferenceScanner - Scanning for api listing references
2020-07-06 17:29:05.081 [main] INFO  org.apache.coyote.http11.Http11NioProtocol - Starting ProtocolHandler ["http-nio-8001"]
2020-07-06 17:29:05.101 [main] INFO  o.s.boot.web.embedded.tomcat.TomcatWebServer - Tomcat started on port(s): 8001 (http) with context path ''
2020-07-06 17:29:05.107 [main] INFO  o.s.c.alibaba.nacos.registry.NacosServiceRegistry - nacos registry, service-edu 192.168.0.103:8001 register finished
2020-07-06 17:29:05.111 [main] INFO  com.memoforward.eduservice.EduApplication - Started EduApplication in 3.308 seconds (JVM running for 3.819)
2020-07-06 17:29:13.518 [http-nio-8001-exec-1] INFO  o.a.c.core.ContainerBase.[Tomcat].[localhost].[/] - Initializing Spring DispatcherServlet 'dispatcherServlet'
2020-07-06 17:29:13.518 [http-nio-8001-exec-1] INFO  org.springframework.web.servlet.DispatcherServlet - Initializing Servlet 'dispatcherServlet'
2020-07-06 17:29:13.524 [http-nio-8001-exec-1] INFO  org.springframework.web.servlet.DispatcherServlet - Completed initialization in 6 ms
2020-07-06 17:29:13.601 [http-nio-8001-exec-2] INFO  com.zaxxer.hikari.HikariDataSource - HikariPool-1 - Starting...
2020-07-06 17:29:13.915 [http-nio-8001-exec-2] INFO  com.zaxxer.hikari.HikariDataSource - HikariPool-1 - Start completed.
2020-07-06 17:30:49.324 [http-nio-8001-exec-4] INFO  com.netflix.config.ChainedDynamicProperty - Flipping property: service-vod.ribbon.ActiveConnectionsLimit to use NEXT property: niws.loadbalancer.availabilityFilteringRule.activeConnectionsLimit = 2147483647
2020-07-06 17:30:49.338 [http-nio-8001-exec-4] INFO  com.netflix.loadbalancer.BaseLoadBalancer - Client: service-vod instantiated a LoadBalancer: DynamicServerListLoadBalancer:{NFLoadBalancer:name=service-vod,current list of Servers=[],Load balancer stats=Zone stats: {},Server stats: []}ServerList:null
2020-07-06 17:30:49.345 [http-nio-8001-exec-4] INFO  c.n.loadbalancer.DynamicServerListLoadBalancer - Using serverListUpdater PollingServerListUpdater
2020-07-06 17:30:49.356 [http-nio-8001-exec-4] INFO  com.netflix.config.ChainedDynamicProperty - Flipping property: service-vod.ribbon.ActiveConnectionsLimit to use NEXT property: niws.loadbalancer.availabilityFilteringRule.activeConnectionsLimit = 2147483647
2020-07-06 17:30:49.358 [http-nio-8001-exec-4] INFO  c.n.loadbalancer.DynamicServerListLoadBalancer - DynamicServerListLoadBalancer for client service-vod initialized: DynamicServerListLoadBalancer:{NFLoadBalancer:name=service-vod,current list of Servers=[192.168.0.103:8003],Load balancer stats=Zone stats: {unknown=[Zone:unknown;	Instance count:1;	Active connections count: 0;	Circuit breaker tripped count: 0;	Active connections per server: 0.0;]
},Server stats: [[Server:192.168.0.103:8003;	Zone:UNKNOWN;	Total Requests:0;	Successive connection failure:0;	Total blackout seconds:0;	Last connection made:Thu Jan 01 08:00:00 CST 1970;	First connection made: Thu Jan 01 08:00:00 CST 1970;	Active Connections:0;	total failure count in last (1000) msecs:0;	average resp time:0.0;	90 percentile resp time:0.0;	95 percentile resp time:0.0;	min resp time:0.0;	max resp time:0.0;	stddev resp time:0.0]
]}ServerList:org.springframework.cloud.alibaba.nacos.ribbon.NacosServerList@2f9bc91b
2020-07-06 17:30:50.353 [PollingServerListUpdater-0] INFO  com.netflix.config.ChainedDynamicProperty - Flipping property: service-vod.ribbon.ActiveConnectionsLimit to use NEXT property: niws.loadbalancer.availabilityFilteringRule.activeConnectionsLimit = 2147483647
2020-07-06 18:03:28.025 [Thread-36] INFO  com.netflix.loadbalancer.PollingServerListUpdater - Shutting down the Executor Pool for PollingServerListUpdater
2020-07-06 18:03:28.028 [SpringContextShutdownHook] INFO  o.s.c.alibaba.nacos.registry.NacosServiceRegistry - De-registering from Nacos Server now...
2020-07-06 18:03:28.030 [SpringContextShutdownHook] INFO  o.s.c.alibaba.nacos.registry.NacosServiceRegistry - De-registration finished.
2020-07-06 18:03:28.043 [SpringContextShutdownHook] INFO  o.s.scheduling.concurrent.ThreadPoolTaskExecutor - Shutting down ExecutorService 'applicationTaskExecutor'
2020-07-06 18:03:28.053 [SpringContextShutdownHook] INFO  com.zaxxer.hikari.HikariDataSource - HikariPool-1 - Shutdown initiated...
2020-07-06 18:03:28.059 [SpringContextShutdownHook] INFO  com.zaxxer.hikari.HikariDataSource - HikariPool-1 - Shutdown completed.
