2020-07-04 09:25:06.678 [main] INFO  com.memoforward.eduservice.EduApplication - Starting EduApplication on MemoForwards-MBP.local with PID 1241 (/Users/memoforward/Documents/Project/Java/Online Education/service/service_edu/target/classes started by memoforward in /Users/memoforward/Documents/Project/Java/Online Education)
2020-07-04 09:25:06.681 [main] INFO  com.memoforward.eduservice.EduApplication - The following profiles are active: dev
2020-07-04 09:25:07.309 [main] INFO  o.s.d.r.config.RepositoryConfigurationDelegate - Multiple Spring Data modules found, entering strict repository configuration mode!
2020-07-04 09:25:07.310 [main] INFO  o.s.d.r.config.RepositoryConfigurationDelegate - Bootstrapping Spring Data Redis repositories in DEFAULT mode.
2020-07-04 09:25:07.327 [main] INFO  o.s.d.r.config.RepositoryConfigurationDelegate - Finished Spring Data repository scanning in 9ms. Found 0 Redis repository interfaces.
2020-07-04 09:25:07.690 [main] INFO  o.s.boot.web.embedded.tomcat.TomcatWebServer - Tomcat initialized with port(s): 8001 (http)
2020-07-04 09:25:07.695 [main] INFO  org.apache.coyote.http11.Http11NioProtocol - Initializing ProtocolHandler ["http-nio-8001"]
2020-07-04 09:25:07.696 [main] INFO  org.apache.catalina.core.StandardService - Starting service [Tomcat]
2020-07-04 09:25:07.696 [main] INFO  org.apache.catalina.core.StandardEngine - Starting Servlet engine: [Apache Tomcat/9.0.36]
2020-07-04 09:25:07.749 [main] INFO  o.a.c.core.ContainerBase.[Tomcat].[localhost].[/] - Initializing Spring embedded WebApplicationContext
2020-07-04 09:25:07.750 [main] INFO  o.s.b.w.s.c.ServletWebServerApplicationContext - Root WebApplicationContext: initialization completed in 1035 ms
2020-07-04 09:25:08.334 [main] INFO  s.d.s.w.PropertySourcedRequestMappingHandlerMapping - Mapped URL path [/v2/api-docs] onto method [springfox.documentation.swagger2.web.Swagger2Controller#getDocumentation(String, HttpServletRequest)]
2020-07-04 09:25:08.411 [main] INFO  o.s.scheduling.concurrent.ThreadPoolTaskExecutor - Initializing ExecutorService 'applicationTaskExecutor'
2020-07-04 09:25:08.927 [main] INFO  org.apache.coyote.http11.Http11NioProtocol - Starting ProtocolHandler ["http-nio-8001"]
2020-07-04 09:25:08.978 [main] INFO  o.s.boot.web.embedded.tomcat.TomcatWebServer - Tomcat started on port(s): 8001 (http) with context path ''
2020-07-04 09:25:08.981 [main] INFO  s.d.s.web.plugins.DocumentationPluginsBootstrapper - Context refreshed
2020-07-04 09:25:09.010 [main] INFO  s.d.s.web.plugins.DocumentationPluginsBootstrapper - Found 1 custom documentation plugin(s)
2020-07-04 09:25:09.089 [main] INFO  s.d.spring.web.scanners.ApiListingReferenceScanner - Scanning for api listing references
2020-07-04 09:25:09.319 [main] INFO  com.memoforward.eduservice.EduApplication - Started EduApplication in 2.978 seconds (JVM running for 3.465)
2020-07-04 09:28:59.700 [http-nio-8001-exec-1] INFO  o.a.c.core.ContainerBase.[Tomcat].[localhost].[/] - Initializing Spring DispatcherServlet 'dispatcherServlet'
2020-07-04 09:28:59.701 [http-nio-8001-exec-1] INFO  org.springframework.web.servlet.DispatcherServlet - Initializing Servlet 'dispatcherServlet'
2020-07-04 09:28:59.710 [http-nio-8001-exec-1] INFO  org.springframework.web.servlet.DispatcherServlet - Completed initialization in 9 ms
2020-07-04 09:29:27.004 [http-nio-8001-exec-7] INFO  com.zaxxer.hikari.HikariDataSource - HikariPool-1 - Starting...
2020-07-04 09:29:27.372 [http-nio-8001-exec-7] INFO  com.zaxxer.hikari.HikariDataSource - HikariPool-1 - Start completed.
2020-07-04 12:08:05.298 [main] INFO  com.memoforward.demo.EduApplicationTest - Starting EduApplicationTest on MemoForwards-MBP.local with PID 2819 (started by memoforward in /Users/memoforward/Documents/Project/Java/Online Education/service/service_edu)
2020-07-04 12:08:05.299 [main] INFO  com.memoforward.demo.EduApplicationTest - The following profiles are active: dev
2020-07-04 12:08:06.080 [main] INFO  o.s.d.r.config.RepositoryConfigurationDelegate - Multiple Spring Data modules found, entering strict repository configuration mode!
2020-07-04 12:08:06.083 [main] INFO  o.s.d.r.config.RepositoryConfigurationDelegate - Bootstrapping Spring Data Redis repositories in DEFAULT mode.
2020-07-04 12:08:06.111 [main] INFO  o.s.d.r.config.RepositoryConfigurationDelegate - Finished Spring Data repository scanning in 14ms. Found 0 Redis repository interfaces.
2020-07-04 12:08:07.827 [main] INFO  s.d.s.w.PropertySourcedRequestMappingHandlerMapping - Mapped URL path [/v2/api-docs] onto method [springfox.documentation.swagger2.web.Swagger2Controller#getDocumentation(String, HttpServletRequest)]
2020-07-04 12:08:08.216 [main] INFO  o.s.scheduling.concurrent.ThreadPoolTaskExecutor - Initializing ExecutorService 'applicationTaskExecutor'
2020-07-04 12:08:09.223 [main] INFO  s.d.s.web.plugins.DocumentationPluginsBootstrapper - Context refreshed
2020-07-04 12:08:09.246 [main] INFO  s.d.s.web.plugins.DocumentationPluginsBootstrapper - Found 1 custom documentation plugin(s)
2020-07-04 12:08:09.281 [main] INFO  s.d.spring.web.scanners.ApiListingReferenceScanner - Scanning for api listing references
2020-07-04 12:08:09.466 [main] INFO  com.memoforward.demo.EduApplicationTest - Started EduApplicationTest in 4.584 seconds (JVM running for 5.481)
2020-07-04 12:08:11.210 [SpringContextShutdownHook] INFO  o.s.scheduling.concurrent.ThreadPoolTaskExecutor - Shutting down ExecutorService 'applicationTaskExecutor'
2020-07-04 12:10:53.610 [main] INFO  com.memoforward.demo.EduApplicationTest - Starting EduApplicationTest on MemoForwards-MBP.local with PID 2849 (started by memoforward in /Users/memoforward/Documents/Project/Java/Online Education/service/service_edu)
2020-07-04 12:10:53.611 [main] INFO  com.memoforward.demo.EduApplicationTest - The following profiles are active: dev
2020-07-04 12:10:54.314 [main] INFO  o.s.d.r.config.RepositoryConfigurationDelegate - Multiple Spring Data modules found, entering strict repository configuration mode!
2020-07-04 12:10:54.317 [main] INFO  o.s.d.r.config.RepositoryConfigurationDelegate - Bootstrapping Spring Data Redis repositories in DEFAULT mode.
2020-07-04 12:10:54.345 [main] INFO  o.s.d.r.config.RepositoryConfigurationDelegate - Finished Spring Data repository scanning in 15ms. Found 0 Redis repository interfaces.
2020-07-04 12:10:55.919 [main] INFO  s.d.s.w.PropertySourcedRequestMappingHandlerMapping - Mapped URL path [/v2/api-docs] onto method [springfox.documentation.swagger2.web.Swagger2Controller#getDocumentation(String, HttpServletRequest)]
2020-07-04 12:10:56.258 [main] INFO  o.s.scheduling.concurrent.ThreadPoolTaskExecutor - Initializing ExecutorService 'applicationTaskExecutor'
2020-07-04 12:10:57.252 [main] INFO  s.d.s.web.plugins.DocumentationPluginsBootstrapper - Context refreshed
2020-07-04 12:10:57.275 [main] INFO  s.d.s.web.plugins.DocumentationPluginsBootstrapper - Found 1 custom documentation plugin(s)
2020-07-04 12:10:57.312 [main] INFO  s.d.spring.web.scanners.ApiListingReferenceScanner - Scanning for api listing references
2020-07-04 12:10:57.469 [main] INFO  com.memoforward.demo.EduApplicationTest - Started EduApplicationTest in 4.325 seconds (JVM running for 5.326)
2020-07-04 12:10:59.213 [SpringContextShutdownHook] INFO  o.s.scheduling.concurrent.ThreadPoolTaskExecutor - Shutting down ExecutorService 'applicationTaskExecutor'
2020-07-04 12:12:56.078 [main] INFO  com.memoforward.demo.EduApplicationTest - Starting EduApplicationTest on MemoForwards-MBP.local with PID 2875 (started by memoforward in /Users/memoforward/Documents/Project/Java/Online Education/service/service_edu)
2020-07-04 12:12:56.080 [main] INFO  com.memoforward.demo.EduApplicationTest - The following profiles are active: dev
2020-07-04 12:12:56.805 [main] INFO  o.s.d.r.config.RepositoryConfigurationDelegate - Multiple Spring Data modules found, entering strict repository configuration mode!
2020-07-04 12:12:56.808 [main] INFO  o.s.d.r.config.RepositoryConfigurationDelegate - Bootstrapping Spring Data Redis repositories in DEFAULT mode.
2020-07-04 12:12:56.835 [main] INFO  o.s.d.r.config.RepositoryConfigurationDelegate - Finished Spring Data repository scanning in 14ms. Found 0 Redis repository interfaces.
2020-07-04 12:12:58.428 [main] INFO  s.d.s.w.PropertySourcedRequestMappingHandlerMapping - Mapped URL path [/v2/api-docs] onto method [springfox.documentation.swagger2.web.Swagger2Controller#getDocumentation(String, HttpServletRequest)]
2020-07-04 12:12:58.792 [main] INFO  o.s.scheduling.concurrent.ThreadPoolTaskExecutor - Initializing ExecutorService 'applicationTaskExecutor'
2020-07-04 12:12:59.804 [main] INFO  s.d.s.web.plugins.DocumentationPluginsBootstrapper - Context refreshed
2020-07-04 12:12:59.825 [main] INFO  s.d.s.web.plugins.DocumentationPluginsBootstrapper - Found 1 custom documentation plugin(s)
2020-07-04 12:12:59.858 [main] INFO  s.d.spring.web.scanners.ApiListingReferenceScanner - Scanning for api listing references
2020-07-04 12:13:00.040 [main] INFO  com.memoforward.demo.EduApplicationTest - Started EduApplicationTest in 4.473 seconds (JVM running for 5.35)
2020-07-04 12:13:00.696 [SpringContextShutdownHook] INFO  o.s.scheduling.concurrent.ThreadPoolTaskExecutor - Shutting down ExecutorService 'applicationTaskExecutor'
2020-07-04 13:57:43.143 [main] INFO  com.memoforward.eduservice.EduApplication - Starting EduApplication on MemoForwards-MBP.local with PID 3571 (/Users/memoforward/Documents/Project/Java/Online Education/service/service_edu/target/classes started by memoforward in /Users/memoforward/Documents/Project/Java/Online Education)
2020-07-04 13:57:43.145 [main] INFO  com.memoforward.eduservice.EduApplication - The following profiles are active: dev
2020-07-04 13:57:43.711 [main] INFO  o.s.d.r.config.RepositoryConfigurationDelegate - Multiple Spring Data modules found, entering strict repository configuration mode!
2020-07-04 13:57:43.712 [main] INFO  o.s.d.r.config.RepositoryConfigurationDelegate - Bootstrapping Spring Data Redis repositories in DEFAULT mode.
2020-07-04 13:57:43.732 [main] INFO  o.s.d.r.config.RepositoryConfigurationDelegate - Finished Spring Data repository scanning in 10ms. Found 0 Redis repository interfaces.
2020-07-04 13:57:44.139 [main] INFO  o.s.boot.web.embedded.tomcat.TomcatWebServer - Tomcat initialized with port(s): 8001 (http)
2020-07-04 13:57:44.145 [main] INFO  org.apache.coyote.http11.Http11NioProtocol - Initializing ProtocolHandler ["http-nio-8001"]
2020-07-04 13:57:44.146 [main] INFO  org.apache.catalina.core.StandardService - Starting service [Tomcat]
2020-07-04 13:57:44.146 [main] INFO  org.apache.catalina.core.StandardEngine - Starting Servlet engine: [Apache Tomcat/9.0.36]
2020-07-04 13:57:44.214 [main] INFO  o.a.c.core.ContainerBase.[Tomcat].[localhost].[/] - Initializing Spring embedded WebApplicationContext
2020-07-04 13:57:44.215 [main] INFO  o.s.b.w.s.c.ServletWebServerApplicationContext - Root WebApplicationContext: initialization completed in 1043 ms
2020-07-04 13:57:44.748 [main] INFO  s.d.s.w.PropertySourcedRequestMappingHandlerMapping - Mapped URL path [/v2/api-docs] onto method [springfox.documentation.swagger2.web.Swagger2Controller#getDocumentation(String, HttpServletRequest)]
2020-07-04 13:57:44.805 [main] INFO  o.s.scheduling.concurrent.ThreadPoolTaskExecutor - Initializing ExecutorService 'applicationTaskExecutor'
2020-07-04 13:57:45.164 [main] INFO  org.apache.coyote.http11.Http11NioProtocol - Starting ProtocolHandler ["http-nio-8001"]
2020-07-04 13:57:45.184 [main] INFO  o.s.boot.web.embedded.tomcat.TomcatWebServer - Tomcat started on port(s): 8001 (http) with context path ''
2020-07-04 13:57:45.185 [main] INFO  s.d.s.web.plugins.DocumentationPluginsBootstrapper - Context refreshed
2020-07-04 13:57:45.194 [main] INFO  s.d.s.web.plugins.DocumentationPluginsBootstrapper - Found 1 custom documentation plugin(s)
2020-07-04 13:57:45.218 [main] INFO  s.d.spring.web.scanners.ApiListingReferenceScanner - Scanning for api listing references
2020-07-04 13:57:45.327 [main] INFO  com.memoforward.eduservice.EduApplication - Started EduApplication in 2.493 seconds (JVM running for 2.957)
2020-07-04 13:57:47.978 [http-nio-8001-exec-1] INFO  o.a.c.core.ContainerBase.[Tomcat].[localhost].[/] - Initializing Spring DispatcherServlet 'dispatcherServlet'
2020-07-04 13:57:47.979 [http-nio-8001-exec-1] INFO  org.springframework.web.servlet.DispatcherServlet - Initializing Servlet 'dispatcherServlet'
2020-07-04 13:57:47.984 [http-nio-8001-exec-1] INFO  org.springframework.web.servlet.DispatcherServlet - Completed initialization in 5 ms
2020-07-04 13:58:01.935 [http-nio-8001-exec-9] INFO  com.zaxxer.hikari.HikariDataSource - HikariPool-1 - Starting...
2020-07-04 13:58:02.202 [http-nio-8001-exec-9] INFO  com.zaxxer.hikari.HikariDataSource - HikariPool-1 - Start completed.
2020-07-04 14:04:18.652 [SpringContextShutdownHook] INFO  o.s.scheduling.concurrent.ThreadPoolTaskExecutor - Shutting down ExecutorService 'applicationTaskExecutor'
2020-07-04 14:04:18.653 [SpringContextShutdownHook] INFO  com.zaxxer.hikari.HikariDataSource - HikariPool-1 - Shutdown initiated...
2020-07-04 14:04:18.659 [SpringContextShutdownHook] INFO  com.zaxxer.hikari.HikariDataSource - HikariPool-1 - Shutdown completed.
2020-07-04 14:04:22.566 [main] INFO  com.memoforward.eduservice.EduApplication - Starting EduApplication on MemoForwards-MBP.local with PID 3627 (/Users/memoforward/Documents/Project/Java/Online Education/service/service_edu/target/classes started by memoforward in /Users/memoforward/Documents/Project/Java/Online Education)
2020-07-04 14:04:22.568 [main] INFO  com.memoforward.eduservice.EduApplication - The following profiles are active: dev
2020-07-04 14:04:23.301 [main] INFO  o.s.d.r.config.RepositoryConfigurationDelegate - Multiple Spring Data modules found, entering strict repository configuration mode!
2020-07-04 14:04:23.303 [main] INFO  o.s.d.r.config.RepositoryConfigurationDelegate - Bootstrapping Spring Data Redis repositories in DEFAULT mode.
2020-07-04 14:04:23.364 [main] INFO  o.s.d.r.config.RepositoryConfigurationDelegate - Finished Spring Data repository scanning in 34ms. Found 0 Redis repository interfaces.
2020-07-04 14:04:24.056 [main] INFO  o.s.boot.web.embedded.tomcat.TomcatWebServer - Tomcat initialized with port(s): 8001 (http)
2020-07-04 14:04:24.076 [main] INFO  org.apache.coyote.http11.Http11NioProtocol - Initializing ProtocolHandler ["http-nio-8001"]
2020-07-04 14:04:24.079 [main] INFO  org.apache.catalina.core.StandardService - Starting service [Tomcat]
2020-07-04 14:04:24.080 [main] INFO  org.apache.catalina.core.StandardEngine - Starting Servlet engine: [Apache Tomcat/9.0.36]
2020-07-04 14:04:24.173 [main] INFO  o.a.c.core.ContainerBase.[Tomcat].[localhost].[/] - Initializing Spring embedded WebApplicationContext
2020-07-04 14:04:24.173 [main] INFO  o.s.b.w.s.c.ServletWebServerApplicationContext - Root WebApplicationContext: initialization completed in 1565 ms
2020-07-04 14:04:25.254 [main] INFO  s.d.s.w.PropertySourcedRequestMappingHandlerMapping - Mapped URL path [/v2/api-docs] onto method [springfox.documentation.swagger2.web.Swagger2Controller#getDocumentation(String, HttpServletRequest)]
2020-07-04 14:04:25.347 [main] INFO  o.s.scheduling.concurrent.ThreadPoolTaskExecutor - Initializing ExecutorService 'applicationTaskExecutor'
2020-07-04 14:04:25.999 [main] INFO  org.apache.coyote.http11.Http11NioProtocol - Starting ProtocolHandler ["http-nio-8001"]
2020-07-04 14:04:26.023 [main] INFO  o.s.boot.web.embedded.tomcat.TomcatWebServer - Tomcat started on port(s): 8001 (http) with context path ''
2020-07-04 14:04:26.024 [main] INFO  s.d.s.web.plugins.DocumentationPluginsBootstrapper - Context refreshed
2020-07-04 14:04:26.034 [main] INFO  s.d.s.web.plugins.DocumentationPluginsBootstrapper - Found 1 custom documentation plugin(s)
2020-07-04 14:04:26.067 [main] INFO  s.d.spring.web.scanners.ApiListingReferenceScanner - Scanning for api listing references
2020-07-04 14:04:26.172 [main] INFO  com.memoforward.eduservice.EduApplication - Started EduApplication in 3.89 seconds (JVM running for 4.54)
2020-07-04 14:04:50.864 [http-nio-8001-exec-1] INFO  o.a.c.core.ContainerBase.[Tomcat].[localhost].[/] - Initializing Spring DispatcherServlet 'dispatcherServlet'
2020-07-04 14:04:50.865 [http-nio-8001-exec-1] INFO  org.springframework.web.servlet.DispatcherServlet - Initializing Servlet 'dispatcherServlet'
2020-07-04 14:04:50.870 [http-nio-8001-exec-1] INFO  org.springframework.web.servlet.DispatcherServlet - Completed initialization in 5 ms
2020-07-04 14:04:58.065 [http-nio-8001-exec-8] INFO  com.zaxxer.hikari.HikariDataSource - HikariPool-1 - Starting...
2020-07-04 14:04:58.320 [http-nio-8001-exec-8] INFO  com.zaxxer.hikari.HikariDataSource - HikariPool-1 - Start completed.
2020-07-04 14:05:34.871 [SpringContextShutdownHook] INFO  o.s.scheduling.concurrent.ThreadPoolTaskExecutor - Shutting down ExecutorService 'applicationTaskExecutor'
2020-07-04 14:05:34.874 [SpringContextShutdownHook] INFO  com.zaxxer.hikari.HikariDataSource - HikariPool-1 - Shutdown initiated...
2020-07-04 14:05:34.884 [SpringContextShutdownHook] INFO  com.zaxxer.hikari.HikariDataSource - HikariPool-1 - Shutdown completed.
2020-07-04 14:05:38.556 [main] INFO  com.memoforward.eduservice.EduApplication - Starting EduApplication on MemoForwards-MBP.local with PID 3643 (/Users/memoforward/Documents/Project/Java/Online Education/service/service_edu/target/classes started by memoforward in /Users/memoforward/Documents/Project/Java/Online Education)
2020-07-04 14:05:38.557 [main] INFO  com.memoforward.eduservice.EduApplication - The following profiles are active: dev
2020-07-04 14:05:39.211 [main] INFO  o.s.d.r.config.RepositoryConfigurationDelegate - Multiple Spring Data modules found, entering strict repository configuration mode!
2020-07-04 14:05:39.212 [main] INFO  o.s.d.r.config.RepositoryConfigurationDelegate - Bootstrapping Spring Data Redis repositories in DEFAULT mode.
2020-07-04 14:05:39.232 [main] INFO  o.s.d.r.config.RepositoryConfigurationDelegate - Finished Spring Data repository scanning in 11ms. Found 0 Redis repository interfaces.
2020-07-04 14:05:39.576 [main] INFO  o.s.boot.web.embedded.tomcat.TomcatWebServer - Tomcat initialized with port(s): 8001 (http)
2020-07-04 14:05:39.581 [main] INFO  org.apache.coyote.http11.Http11NioProtocol - Initializing ProtocolHandler ["http-nio-8001"]
2020-07-04 14:05:39.582 [main] INFO  org.apache.catalina.core.StandardService - Starting service [Tomcat]
2020-07-04 14:05:39.583 [main] INFO  org.apache.catalina.core.StandardEngine - Starting Servlet engine: [Apache Tomcat/9.0.36]
2020-07-04 14:05:39.644 [main] INFO  o.a.c.core.ContainerBase.[Tomcat].[localhost].[/] - Initializing Spring embedded WebApplicationContext
2020-07-04 14:05:39.645 [main] INFO  o.s.b.w.s.c.ServletWebServerApplicationContext - Root WebApplicationContext: initialization completed in 1060 ms
2020-07-04 14:05:40.130 [main] INFO  s.d.s.w.PropertySourcedRequestMappingHandlerMapping - Mapped URL path [/v2/api-docs] onto method [springfox.documentation.swagger2.web.Swagger2Controller#getDocumentation(String, HttpServletRequest)]
2020-07-04 14:05:40.188 [main] INFO  o.s.scheduling.concurrent.ThreadPoolTaskExecutor - Initializing ExecutorService 'applicationTaskExecutor'
2020-07-04 14:05:40.710 [main] INFO  org.apache.coyote.http11.Http11NioProtocol - Starting ProtocolHandler ["http-nio-8001"]
2020-07-04 14:05:40.738 [main] INFO  o.s.boot.web.embedded.tomcat.TomcatWebServer - Tomcat started on port(s): 8001 (http) with context path ''
2020-07-04 14:05:40.739 [main] INFO  s.d.s.web.plugins.DocumentationPluginsBootstrapper - Context refreshed
2020-07-04 14:05:40.752 [main] INFO  s.d.s.web.plugins.DocumentationPluginsBootstrapper - Found 1 custom documentation plugin(s)
2020-07-04 14:05:40.782 [main] INFO  s.d.spring.web.scanners.ApiListingReferenceScanner - Scanning for api listing references
2020-07-04 14:05:40.947 [main] INFO  com.memoforward.eduservice.EduApplication - Started EduApplication in 2.666 seconds (JVM running for 3.114)
2020-07-04 14:05:41.321 [http-nio-8001-exec-1] INFO  o.a.c.core.ContainerBase.[Tomcat].[localhost].[/] - Initializing Spring DispatcherServlet 'dispatcherServlet'
2020-07-04 14:05:41.321 [http-nio-8001-exec-1] INFO  org.springframework.web.servlet.DispatcherServlet - Initializing Servlet 'dispatcherServlet'
2020-07-04 14:05:41.326 [http-nio-8001-exec-1] INFO  org.springframework.web.servlet.DispatcherServlet - Completed initialization in 5 ms
2020-07-04 14:05:48.679 [http-nio-8001-exec-8] INFO  com.zaxxer.hikari.HikariDataSource - HikariPool-1 - Starting...
2020-07-04 14:05:48.934 [http-nio-8001-exec-8] INFO  com.zaxxer.hikari.HikariDataSource - HikariPool-1 - Start completed.
2020-07-04 16:47:22.435 [main] INFO  com.memoforward.demo.EduApplicationTest - Starting EduApplicationTest on MemoForwards-MBP.local with PID 5117 (started by memoforward in /Users/memoforward/Documents/Project/Java/Online Education/service/service_edu)
2020-07-04 16:47:22.437 [main] INFO  com.memoforward.demo.EduApplicationTest - The following profiles are active: dev
2020-07-04 16:47:23.223 [main] INFO  o.s.d.r.config.RepositoryConfigurationDelegate - Multiple Spring Data modules found, entering strict repository configuration mode!
2020-07-04 16:47:23.226 [main] INFO  o.s.d.r.config.RepositoryConfigurationDelegate - Bootstrapping Spring Data Redis repositories in DEFAULT mode.
2020-07-04 16:47:23.259 [main] INFO  o.s.d.r.config.RepositoryConfigurationDelegate - Finished Spring Data repository scanning in 18ms. Found 0 Redis repository interfaces.
2020-07-04 16:47:24.911 [main] INFO  s.d.s.w.PropertySourcedRequestMappingHandlerMapping - Mapped URL path [/v2/api-docs] onto method [springfox.documentation.swagger2.web.Swagger2Controller#getDocumentation(String, HttpServletRequest)]
2020-07-04 16:47:25.225 [main] INFO  o.s.scheduling.concurrent.ThreadPoolTaskExecutor - Initializing ExecutorService 'applicationTaskExecutor'
2020-07-04 16:47:26.176 [main] INFO  s.d.s.web.plugins.DocumentationPluginsBootstrapper - Context refreshed
2020-07-04 16:47:26.192 [main] INFO  s.d.s.web.plugins.DocumentationPluginsBootstrapper - Found 1 custom documentation plugin(s)
2020-07-04 16:47:26.218 [main] INFO  s.d.spring.web.scanners.ApiListingReferenceScanner - Scanning for api listing references
2020-07-04 16:47:26.370 [main] INFO  com.memoforward.demo.EduApplicationTest - Started EduApplicationTest in 4.416 seconds (JVM running for 5.404)
2020-07-04 16:47:26.685 [main] INFO  com.zaxxer.hikari.HikariDataSource - HikariPool-1 - Starting...
2020-07-04 16:47:27.241 [main] INFO  com.zaxxer.hikari.HikariDataSource - HikariPool-1 - Start completed.
2020-07-04 16:47:27.322 [SpringContextShutdownHook] INFO  o.s.scheduling.concurrent.ThreadPoolTaskExecutor - Shutting down ExecutorService 'applicationTaskExecutor'
2020-07-04 16:47:27.325 [SpringContextShutdownHook] INFO  com.zaxxer.hikari.HikariDataSource - HikariPool-1 - Shutdown initiated...
2020-07-04 16:47:27.331 [SpringContextShutdownHook] INFO  com.zaxxer.hikari.HikariDataSource - HikariPool-1 - Shutdown completed.
2020-07-04 17:34:08.038 [main] INFO  com.memoforward.eduservice.EduApplication - Starting EduApplication on MemoForwards-MBP.local with PID 5486 (/Users/memoforward/Documents/Project/Java/Online Education/service/service_edu/target/classes started by memoforward in /Users/memoforward/Documents/Project/Java/Online Education)
2020-07-04 17:34:08.041 [main] INFO  com.memoforward.eduservice.EduApplication - The following profiles are active: dev
2020-07-04 17:34:08.674 [main] INFO  o.s.d.r.config.RepositoryConfigurationDelegate - Multiple Spring Data modules found, entering strict repository configuration mode!
2020-07-04 17:34:08.675 [main] INFO  o.s.d.r.config.RepositoryConfigurationDelegate - Bootstrapping Spring Data Redis repositories in DEFAULT mode.
2020-07-04 17:34:08.694 [main] INFO  o.s.d.r.config.RepositoryConfigurationDelegate - Finished Spring Data repository scanning in 10ms. Found 0 Redis repository interfaces.
2020-07-04 17:34:09.137 [main] INFO  o.s.boot.web.embedded.tomcat.TomcatWebServer - Tomcat initialized with port(s): 8001 (http)
2020-07-04 17:34:09.146 [main] INFO  org.apache.coyote.http11.Http11NioProtocol - Initializing ProtocolHandler ["http-nio-8001"]
2020-07-04 17:34:09.147 [main] INFO  org.apache.catalina.core.StandardService - Starting service [Tomcat]
2020-07-04 17:34:09.148 [main] INFO  org.apache.catalina.core.StandardEngine - Starting Servlet engine: [Apache Tomcat/9.0.36]
2020-07-04 17:34:09.231 [main] INFO  o.a.c.core.ContainerBase.[Tomcat].[localhost].[/] - Initializing Spring embedded WebApplicationContext
2020-07-04 17:34:09.232 [main] INFO  o.s.b.w.s.c.ServletWebServerApplicationContext - Root WebApplicationContext: initialization completed in 1156 ms
2020-07-04 17:34:09.853 [main] INFO  s.d.s.w.PropertySourcedRequestMappingHandlerMapping - Mapped URL path [/v2/api-docs] onto method [springfox.documentation.swagger2.web.Swagger2Controller#getDocumentation(String, HttpServletRequest)]
2020-07-04 17:34:09.934 [main] INFO  o.s.scheduling.concurrent.ThreadPoolTaskExecutor - Initializing ExecutorService 'applicationTaskExecutor'
2020-07-04 17:34:10.356 [main] INFO  org.apache.coyote.http11.Http11NioProtocol - Starting ProtocolHandler ["http-nio-8001"]
2020-07-04 17:34:10.380 [main] INFO  o.s.boot.web.embedded.tomcat.TomcatWebServer - Tomcat started on port(s): 8001 (http) with context path ''
2020-07-04 17:34:10.381 [main] INFO  s.d.s.web.plugins.DocumentationPluginsBootstrapper - Context refreshed
2020-07-04 17:34:10.391 [main] INFO  s.d.s.web.plugins.DocumentationPluginsBootstrapper - Found 1 custom documentation plugin(s)
2020-07-04 17:34:10.417 [main] INFO  s.d.spring.web.scanners.ApiListingReferenceScanner - Scanning for api listing references
2020-07-04 17:34:10.544 [main] INFO  com.memoforward.eduservice.EduApplication - Started EduApplication in 2.792 seconds (JVM running for 3.424)
2020-07-04 17:34:13.194 [http-nio-8001-exec-1] INFO  o.a.c.core.ContainerBase.[Tomcat].[localhost].[/] - Initializing Spring DispatcherServlet 'dispatcherServlet'
2020-07-04 17:34:13.195 [http-nio-8001-exec-1] INFO  org.springframework.web.servlet.DispatcherServlet - Initializing Servlet 'dispatcherServlet'
2020-07-04 17:34:13.200 [http-nio-8001-exec-1] INFO  org.springframework.web.servlet.DispatcherServlet - Completed initialization in 5 ms
2020-07-04 17:34:29.631 [http-nio-8001-exec-8] INFO  com.zaxxer.hikari.HikariDataSource - HikariPool-1 - Starting...
2020-07-04 17:34:29.893 [http-nio-8001-exec-8] INFO  com.zaxxer.hikari.HikariDataSource - HikariPool-1 - Start completed.
2020-07-04 22:07:31.068 [SpringContextShutdownHook] INFO  o.s.scheduling.concurrent.ThreadPoolTaskExecutor - Shutting down ExecutorService 'applicationTaskExecutor'
2020-07-04 22:07:31.071 [SpringContextShutdownHook] INFO  com.zaxxer.hikari.HikariDataSource - HikariPool-1 - Shutdown initiated...
2020-07-04 22:07:31.073 [SpringContextShutdownHook] INFO  com.zaxxer.hikari.HikariDataSource - HikariPool-1 - Shutdown completed.
2020-07-04 22:08:52.483 [main] INFO  com.memoforward.eduservice.EduApplication - Starting EduApplication on MemoForwards-MBP.local with PID 7910 (/Users/memoforward/Documents/Project/Java/Online Education/service/service_edu/target/classes started by memoforward in /Users/memoforward/Documents/Project/Java/Online Education)
2020-07-04 22:08:52.485 [main] INFO  com.memoforward.eduservice.EduApplication - The following profiles are active: dev
2020-07-04 22:08:53.155 [main] INFO  o.s.d.r.config.RepositoryConfigurationDelegate - Multiple Spring Data modules found, entering strict repository configuration mode!
2020-07-04 22:08:53.157 [main] INFO  o.s.d.r.config.RepositoryConfigurationDelegate - Bootstrapping Spring Data Redis repositories in DEFAULT mode.
2020-07-04 22:08:53.179 [main] INFO  o.s.d.r.config.RepositoryConfigurationDelegate - Finished Spring Data repository scanning in 14ms. Found 0 Redis repository interfaces.
2020-07-04 22:08:53.537 [main] INFO  o.s.boot.web.embedded.tomcat.TomcatWebServer - Tomcat initialized with port(s): 8001 (http)
2020-07-04 22:08:53.542 [main] INFO  org.apache.coyote.http11.Http11NioProtocol - Initializing ProtocolHandler ["http-nio-8001"]
2020-07-04 22:08:53.542 [main] INFO  org.apache.catalina.core.StandardService - Starting service [Tomcat]
2020-07-04 22:08:53.543 [main] INFO  org.apache.catalina.core.StandardEngine - Starting Servlet engine: [Apache Tomcat/9.0.36]
2020-07-04 22:08:53.606 [main] INFO  o.a.c.core.ContainerBase.[Tomcat].[localhost].[/] - Initializing Spring embedded WebApplicationContext
2020-07-04 22:08:53.606 [main] INFO  o.s.b.w.s.c.ServletWebServerApplicationContext - Root WebApplicationContext: initialization completed in 1091 ms
2020-07-04 22:08:54.226 [main] INFO  s.d.s.w.PropertySourcedRequestMappingHandlerMapping - Mapped URL path [/v2/api-docs] onto method [springfox.documentation.swagger2.web.Swagger2Controller#getDocumentation(String, HttpServletRequest)]
2020-07-04 22:08:54.282 [main] INFO  o.s.scheduling.concurrent.ThreadPoolTaskExecutor - Initializing ExecutorService 'applicationTaskExecutor'
2020-07-04 22:08:54.658 [main] INFO  org.apache.coyote.http11.Http11NioProtocol - Starting ProtocolHandler ["http-nio-8001"]
2020-07-04 22:08:54.678 [main] INFO  o.s.boot.web.embedded.tomcat.TomcatWebServer - Tomcat started on port(s): 8001 (http) with context path ''
2020-07-04 22:08:54.678 [main] INFO  s.d.s.web.plugins.DocumentationPluginsBootstrapper - Context refreshed
2020-07-04 22:08:54.688 [main] INFO  s.d.s.web.plugins.DocumentationPluginsBootstrapper - Found 1 custom documentation plugin(s)
2020-07-04 22:08:54.712 [main] INFO  s.d.spring.web.scanners.ApiListingReferenceScanner - Scanning for api listing references
2020-07-04 22:08:54.826 [main] INFO  com.memoforward.eduservice.EduApplication - Started EduApplication in 2.623 seconds (JVM running for 3.212)
2020-07-04 22:10:35.074 [http-nio-8001-exec-1] INFO  o.a.c.core.ContainerBase.[Tomcat].[localhost].[/] - Initializing Spring DispatcherServlet 'dispatcherServlet'
2020-07-04 22:10:35.074 [http-nio-8001-exec-1] INFO  org.springframework.web.servlet.DispatcherServlet - Initializing Servlet 'dispatcherServlet'
2020-07-04 22:10:35.080 [http-nio-8001-exec-1] INFO  org.springframework.web.servlet.DispatcherServlet - Completed initialization in 6 ms
2020-07-04 22:11:35.032 [SpringContextShutdownHook] INFO  o.s.scheduling.concurrent.ThreadPoolTaskExecutor - Shutting down ExecutorService 'applicationTaskExecutor'
2020-07-04 22:11:38.959 [main] INFO  com.memoforward.eduservice.EduApplication - Starting EduApplication on MemoForwards-MBP.local with PID 7941 (/Users/memoforward/Documents/Project/Java/Online Education/service/service_edu/target/classes started by memoforward in /Users/memoforward/Documents/Project/Java/Online Education)
2020-07-04 22:11:38.960 [main] INFO  com.memoforward.eduservice.EduApplication - The following profiles are active: dev
2020-07-04 22:11:39.612 [main] INFO  o.s.d.r.config.RepositoryConfigurationDelegate - Multiple Spring Data modules found, entering strict repository configuration mode!
2020-07-04 22:11:39.614 [main] INFO  o.s.d.r.config.RepositoryConfigurationDelegate - Bootstrapping Spring Data Redis repositories in DEFAULT mode.
2020-07-04 22:11:39.636 [main] INFO  o.s.d.r.config.RepositoryConfigurationDelegate - Finished Spring Data repository scanning in 14ms. Found 0 Redis repository interfaces.
2020-07-04 22:11:39.972 [main] INFO  o.s.boot.web.embedded.tomcat.TomcatWebServer - Tomcat initialized with port(s): 8001 (http)
2020-07-04 22:11:39.977 [main] INFO  org.apache.coyote.http11.Http11NioProtocol - Initializing ProtocolHandler ["http-nio-8001"]
2020-07-04 22:11:39.978 [main] INFO  org.apache.catalina.core.StandardService - Starting service [Tomcat]
2020-07-04 22:11:39.978 [main] INFO  org.apache.catalina.core.StandardEngine - Starting Servlet engine: [Apache Tomcat/9.0.36]
2020-07-04 22:11:40.028 [main] INFO  o.a.c.core.ContainerBase.[Tomcat].[localhost].[/] - Initializing Spring embedded WebApplicationContext
2020-07-04 22:11:40.028 [main] INFO  o.s.b.w.s.c.ServletWebServerApplicationContext - Root WebApplicationContext: initialization completed in 1042 ms
2020-07-04 22:11:40.641 [main] INFO  s.d.s.w.PropertySourcedRequestMappingHandlerMapping - Mapped URL path [/v2/api-docs] onto method [springfox.documentation.swagger2.web.Swagger2Controller#getDocumentation(String, HttpServletRequest)]
2020-07-04 22:11:40.698 [main] INFO  o.s.scheduling.concurrent.ThreadPoolTaskExecutor - Initializing ExecutorService 'applicationTaskExecutor'
2020-07-04 22:11:41.065 [main] INFO  org.apache.coyote.http11.Http11NioProtocol - Starting ProtocolHandler ["http-nio-8001"]
2020-07-04 22:11:41.087 [main] INFO  o.s.boot.web.embedded.tomcat.TomcatWebServer - Tomcat started on port(s): 8001 (http) with context path ''
2020-07-04 22:11:41.088 [main] INFO  s.d.s.web.plugins.DocumentationPluginsBootstrapper - Context refreshed
2020-07-04 22:11:41.098 [main] INFO  s.d.s.web.plugins.DocumentationPluginsBootstrapper - Found 1 custom documentation plugin(s)
2020-07-04 22:11:41.121 [main] INFO  s.d.spring.web.scanners.ApiListingReferenceScanner - Scanning for api listing references
2020-07-04 22:11:41.225 [main] INFO  com.memoforward.eduservice.EduApplication - Started EduApplication in 2.534 seconds (JVM running for 3.172)
2020-07-04 22:11:49.163 [http-nio-8001-exec-1] INFO  o.a.c.core.ContainerBase.[Tomcat].[localhost].[/] - Initializing Spring DispatcherServlet 'dispatcherServlet'
2020-07-04 22:11:49.164 [http-nio-8001-exec-1] INFO  org.springframework.web.servlet.DispatcherServlet - Initializing Servlet 'dispatcherServlet'
2020-07-04 22:11:49.169 [http-nio-8001-exec-1] INFO  org.springframework.web.servlet.DispatcherServlet - Completed initialization in 5 ms
2020-07-04 22:13:30.203 [http-nio-8001-exec-10] INFO  com.zaxxer.hikari.HikariDataSource - HikariPool-1 - Starting...
2020-07-04 22:13:30.457 [http-nio-8001-exec-10] INFO  com.zaxxer.hikari.HikariDataSource - HikariPool-1 - Start completed.
2020-07-04 22:19:46.621 [SpringContextShutdownHook] INFO  o.s.scheduling.concurrent.ThreadPoolTaskExecutor - Shutting down ExecutorService 'applicationTaskExecutor'
2020-07-04 22:19:46.623 [SpringContextShutdownHook] INFO  com.zaxxer.hikari.HikariDataSource - HikariPool-1 - Shutdown initiated...
2020-07-04 22:19:46.630 [SpringContextShutdownHook] INFO  com.zaxxer.hikari.HikariDataSource - HikariPool-1 - Shutdown completed.
2020-07-04 22:19:50.479 [main] INFO  com.memoforward.eduservice.EduApplication - Starting EduApplication on MemoForwards-MBP.local with PID 8089 (/Users/memoforward/Documents/Project/Java/Online Education/service/service_edu/target/classes started by memoforward in /Users/memoforward/Documents/Project/Java/Online Education)
2020-07-04 22:19:50.481 [main] INFO  com.memoforward.eduservice.EduApplication - The following profiles are active: dev
2020-07-04 22:19:51.103 [main] INFO  o.s.d.r.config.RepositoryConfigurationDelegate - Multiple Spring Data modules found, entering strict repository configuration mode!
2020-07-04 22:19:51.104 [main] INFO  o.s.d.r.config.RepositoryConfigurationDelegate - Bootstrapping Spring Data Redis repositories in DEFAULT mode.
2020-07-04 22:19:51.135 [main] INFO  o.s.d.r.config.RepositoryConfigurationDelegate - Finished Spring Data repository scanning in 17ms. Found 0 Redis repository interfaces.
2020-07-04 22:19:51.505 [main] INFO  o.s.boot.web.embedded.tomcat.TomcatWebServer - Tomcat initialized with port(s): 8001 (http)
2020-07-04 22:19:51.510 [main] INFO  org.apache.coyote.http11.Http11NioProtocol - Initializing ProtocolHandler ["http-nio-8001"]
2020-07-04 22:19:51.511 [main] INFO  org.apache.catalina.core.StandardService - Starting service [Tomcat]
2020-07-04 22:19:51.511 [main] INFO  org.apache.catalina.core.StandardEngine - Starting Servlet engine: [Apache Tomcat/9.0.36]
2020-07-04 22:19:51.566 [main] INFO  o.a.c.core.ContainerBase.[Tomcat].[localhost].[/] - Initializing Spring embedded WebApplicationContext
2020-07-04 22:19:51.566 [main] INFO  o.s.b.w.s.c.ServletWebServerApplicationContext - Root WebApplicationContext: initialization completed in 1059 ms
2020-07-04 22:19:52.197 [main] INFO  s.d.s.w.PropertySourcedRequestMappingHandlerMapping - Mapped URL path [/v2/api-docs] onto method [springfox.documentation.swagger2.web.Swagger2Controller#getDocumentation(String, HttpServletRequest)]
2020-07-04 22:19:52.257 [main] INFO  o.s.scheduling.concurrent.ThreadPoolTaskExecutor - Initializing ExecutorService 'applicationTaskExecutor'
2020-07-04 22:19:52.623 [main] INFO  org.apache.coyote.http11.Http11NioProtocol - Starting ProtocolHandler ["http-nio-8001"]
2020-07-04 22:19:52.645 [main] INFO  o.s.boot.web.embedded.tomcat.TomcatWebServer - Tomcat started on port(s): 8001 (http) with context path ''
2020-07-04 22:19:52.646 [main] INFO  s.d.s.web.plugins.DocumentationPluginsBootstrapper - Context refreshed
2020-07-04 22:19:52.656 [main] INFO  s.d.s.web.plugins.DocumentationPluginsBootstrapper - Found 1 custom documentation plugin(s)
2020-07-04 22:19:52.679 [main] INFO  s.d.spring.web.scanners.ApiListingReferenceScanner - Scanning for api listing references
2020-07-04 22:19:52.784 [main] INFO  com.memoforward.eduservice.EduApplication - Started EduApplication in 2.571 seconds (JVM running for 3.171)
2020-07-04 22:20:01.579 [http-nio-8001-exec-1] INFO  o.a.c.core.ContainerBase.[Tomcat].[localhost].[/] - Initializing Spring DispatcherServlet 'dispatcherServlet'
2020-07-04 22:20:01.579 [http-nio-8001-exec-1] INFO  org.springframework.web.servlet.DispatcherServlet - Initializing Servlet 'dispatcherServlet'
2020-07-04 22:20:01.585 [http-nio-8001-exec-1] INFO  org.springframework.web.servlet.DispatcherServlet - Completed initialization in 6 ms
2020-07-04 22:20:24.347 [http-nio-8001-exec-9] INFO  com.zaxxer.hikari.HikariDataSource - HikariPool-1 - Starting...
2020-07-04 22:20:24.613 [http-nio-8001-exec-9] INFO  com.zaxxer.hikari.HikariDataSource - HikariPool-1 - Start completed.
2020-07-04 22:23:22.792 [SpringContextShutdownHook] INFO  o.s.scheduling.concurrent.ThreadPoolTaskExecutor - Shutting down ExecutorService 'applicationTaskExecutor'
2020-07-04 22:23:22.794 [SpringContextShutdownHook] INFO  com.zaxxer.hikari.HikariDataSource - HikariPool-1 - Shutdown initiated...
2020-07-04 22:23:22.801 [SpringContextShutdownHook] INFO  com.zaxxer.hikari.HikariDataSource - HikariPool-1 - Shutdown completed.
2020-07-04 22:23:26.483 [main] INFO  com.memoforward.eduservice.EduApplication - Starting EduApplication on MemoForwards-MBP.local with PID 8124 (/Users/memoforward/Documents/Project/Java/Online Education/service/service_edu/target/classes started by memoforward in /Users/memoforward/Documents/Project/Java/Online Education)
2020-07-04 22:23:26.486 [main] INFO  com.memoforward.eduservice.EduApplication - The following profiles are active: dev
2020-07-04 22:23:27.115 [main] INFO  o.s.d.r.config.RepositoryConfigurationDelegate - Multiple Spring Data modules found, entering strict repository configuration mode!
2020-07-04 22:23:27.116 [main] INFO  o.s.d.r.config.RepositoryConfigurationDelegate - Bootstrapping Spring Data Redis repositories in DEFAULT mode.
2020-07-04 22:23:27.136 [main] INFO  o.s.d.r.config.RepositoryConfigurationDelegate - Finished Spring Data repository scanning in 12ms. Found 0 Redis repository interfaces.
2020-07-04 22:23:27.479 [main] INFO  o.s.boot.web.embedded.tomcat.TomcatWebServer - Tomcat initialized with port(s): 8001 (http)
2020-07-04 22:23:27.484 [main] INFO  org.apache.coyote.http11.Http11NioProtocol - Initializing ProtocolHandler ["http-nio-8001"]
2020-07-04 22:23:27.484 [main] INFO  org.apache.catalina.core.StandardService - Starting service [Tomcat]
2020-07-04 22:23:27.485 [main] INFO  org.apache.catalina.core.StandardEngine - Starting Servlet engine: [Apache Tomcat/9.0.36]
2020-07-04 22:23:27.535 [main] INFO  o.a.c.core.ContainerBase.[Tomcat].[localhost].[/] - Initializing Spring embedded WebApplicationContext
2020-07-04 22:23:27.535 [main] INFO  o.s.b.w.s.c.ServletWebServerApplicationContext - Root WebApplicationContext: initialization completed in 1015 ms
2020-07-04 22:23:28.156 [main] INFO  s.d.s.w.PropertySourcedRequestMappingHandlerMapping - Mapped URL path [/v2/api-docs] onto method [springfox.documentation.swagger2.web.Swagger2Controller#getDocumentation(String, HttpServletRequest)]
2020-07-04 22:23:28.215 [main] INFO  o.s.scheduling.concurrent.ThreadPoolTaskExecutor - Initializing ExecutorService 'applicationTaskExecutor'
2020-07-04 22:23:28.599 [main] INFO  org.apache.coyote.http11.Http11NioProtocol - Starting ProtocolHandler ["http-nio-8001"]
2020-07-04 22:23:28.620 [main] INFO  o.s.boot.web.embedded.tomcat.TomcatWebServer - Tomcat started on port(s): 8001 (http) with context path ''
2020-07-04 22:23:28.621 [main] INFO  s.d.s.web.plugins.DocumentationPluginsBootstrapper - Context refreshed
2020-07-04 22:23:28.630 [main] INFO  s.d.s.web.plugins.DocumentationPluginsBootstrapper - Found 1 custom documentation plugin(s)
2020-07-04 22:23:28.652 [main] INFO  s.d.spring.web.scanners.ApiListingReferenceScanner - Scanning for api listing references
2020-07-04 22:23:28.757 [main] INFO  com.memoforward.eduservice.EduApplication - Started EduApplication in 2.581 seconds (JVM running for 3.213)
2020-07-04 22:23:39.655 [http-nio-8001-exec-1] INFO  o.a.c.core.ContainerBase.[Tomcat].[localhost].[/] - Initializing Spring DispatcherServlet 'dispatcherServlet'
2020-07-04 22:23:39.655 [http-nio-8001-exec-1] INFO  org.springframework.web.servlet.DispatcherServlet - Initializing Servlet 'dispatcherServlet'
2020-07-04 22:23:39.660 [http-nio-8001-exec-1] INFO  org.springframework.web.servlet.DispatcherServlet - Completed initialization in 5 ms
2020-07-04 22:23:57.854 [http-nio-8001-exec-9] INFO  com.zaxxer.hikari.HikariDataSource - HikariPool-1 - Starting...
2020-07-04 22:23:58.124 [http-nio-8001-exec-9] INFO  com.zaxxer.hikari.HikariDataSource - HikariPool-1 - Start completed.
2020-07-04 22:25:02.558 [SpringContextShutdownHook] INFO  o.s.scheduling.concurrent.ThreadPoolTaskExecutor - Shutting down ExecutorService 'applicationTaskExecutor'
2020-07-04 22:25:02.560 [SpringContextShutdownHook] INFO  com.zaxxer.hikari.HikariDataSource - HikariPool-1 - Shutdown initiated...
2020-07-04 22:25:02.568 [SpringContextShutdownHook] INFO  com.zaxxer.hikari.HikariDataSource - HikariPool-1 - Shutdown completed.
2020-07-04 22:25:06.410 [main] INFO  com.memoforward.eduservice.EduApplication - Starting EduApplication on MemoForwards-MBP.local with PID 8144 (/Users/memoforward/Documents/Project/Java/Online Education/service/service_edu/target/classes started by memoforward in /Users/memoforward/Documents/Project/Java/Online Education)
2020-07-04 22:25:06.412 [main] INFO  com.memoforward.eduservice.EduApplication - The following profiles are active: dev
2020-07-04 22:25:07.022 [main] INFO  o.s.d.r.config.RepositoryConfigurationDelegate - Multiple Spring Data modules found, entering strict repository configuration mode!
2020-07-04 22:25:07.023 [main] INFO  o.s.d.r.config.RepositoryConfigurationDelegate - Bootstrapping Spring Data Redis repositories in DEFAULT mode.
2020-07-04 22:25:07.048 [main] INFO  o.s.d.r.config.RepositoryConfigurationDelegate - Finished Spring Data repository scanning in 15ms. Found 0 Redis repository interfaces.
2020-07-04 22:25:07.478 [main] INFO  o.s.boot.web.embedded.tomcat.TomcatWebServer - Tomcat initialized with port(s): 8001 (http)
2020-07-04 22:25:07.485 [main] INFO  org.apache.coyote.http11.Http11NioProtocol - Initializing ProtocolHandler ["http-nio-8001"]
2020-07-04 22:25:07.486 [main] INFO  org.apache.catalina.core.StandardService - Starting service [Tomcat]
2020-07-04 22:25:07.486 [main] INFO  org.apache.catalina.core.StandardEngine - Starting Servlet engine: [Apache Tomcat/9.0.36]
2020-07-04 22:25:07.554 [main] INFO  o.a.c.core.ContainerBase.[Tomcat].[localhost].[/] - Initializing Spring embedded WebApplicationContext
2020-07-04 22:25:07.554 [main] INFO  o.s.b.w.s.c.ServletWebServerApplicationContext - Root WebApplicationContext: initialization completed in 1116 ms
2020-07-04 22:25:08.192 [main] INFO  s.d.s.w.PropertySourcedRequestMappingHandlerMapping - Mapped URL path [/v2/api-docs] onto method [springfox.documentation.swagger2.web.Swagger2Controller#getDocumentation(String, HttpServletRequest)]
2020-07-04 22:25:08.252 [main] INFO  o.s.scheduling.concurrent.ThreadPoolTaskExecutor - Initializing ExecutorService 'applicationTaskExecutor'
2020-07-04 22:25:08.661 [main] INFO  org.apache.coyote.http11.Http11NioProtocol - Starting ProtocolHandler ["http-nio-8001"]
2020-07-04 22:25:08.681 [main] INFO  o.s.boot.web.embedded.tomcat.TomcatWebServer - Tomcat started on port(s): 8001 (http) with context path ''
2020-07-04 22:25:08.682 [main] INFO  s.d.s.web.plugins.DocumentationPluginsBootstrapper - Context refreshed
2020-07-04 22:25:08.692 [main] INFO  s.d.s.web.plugins.DocumentationPluginsBootstrapper - Found 1 custom documentation plugin(s)
2020-07-04 22:25:08.720 [main] INFO  s.d.spring.web.scanners.ApiListingReferenceScanner - Scanning for api listing references
2020-07-04 22:25:08.861 [main] INFO  com.memoforward.eduservice.EduApplication - Started EduApplication in 2.728 seconds (JVM running for 3.173)
2020-07-04 22:25:27.794 [http-nio-8001-exec-1] INFO  o.a.c.core.ContainerBase.[Tomcat].[localhost].[/] - Initializing Spring DispatcherServlet 'dispatcherServlet'
2020-07-04 22:25:27.794 [http-nio-8001-exec-1] INFO  org.springframework.web.servlet.DispatcherServlet - Initializing Servlet 'dispatcherServlet'
2020-07-04 22:25:27.799 [http-nio-8001-exec-1] INFO  org.springframework.web.servlet.DispatcherServlet - Completed initialization in 5 ms
2020-07-04 22:25:37.973 [http-nio-8001-exec-9] INFO  com.zaxxer.hikari.HikariDataSource - HikariPool-1 - Starting...
2020-07-04 22:25:38.253 [http-nio-8001-exec-9] INFO  com.zaxxer.hikari.HikariDataSource - HikariPool-1 - Start completed.
2020-07-04 22:28:22.827 [SpringContextShutdownHook] INFO  o.s.scheduling.concurrent.ThreadPoolTaskExecutor - Shutting down ExecutorService 'applicationTaskExecutor'
2020-07-04 22:28:22.829 [SpringContextShutdownHook] INFO  com.zaxxer.hikari.HikariDataSource - HikariPool-1 - Shutdown initiated...
2020-07-04 22:28:22.837 [SpringContextShutdownHook] INFO  com.zaxxer.hikari.HikariDataSource - HikariPool-1 - Shutdown completed.
2020-07-04 22:28:26.732 [main] INFO  com.memoforward.eduservice.EduApplication - Starting EduApplication on MemoForwards-MBP.local with PID 8175 (/Users/memoforward/Documents/Project/Java/Online Education/service/service_edu/target/classes started by memoforward in /Users/memoforward/Documents/Project/Java/Online Education)
2020-07-04 22:28:26.734 [main] INFO  com.memoforward.eduservice.EduApplication - The following profiles are active: dev
2020-07-04 22:28:27.465 [main] INFO  o.s.d.r.config.RepositoryConfigurationDelegate - Multiple Spring Data modules found, entering strict repository configuration mode!
2020-07-04 22:28:27.467 [main] INFO  o.s.d.r.config.RepositoryConfigurationDelegate - Bootstrapping Spring Data Redis repositories in DEFAULT mode.
2020-07-04 22:28:27.499 [main] INFO  o.s.d.r.config.RepositoryConfigurationDelegate - Finished Spring Data repository scanning in 19ms. Found 0 Redis repository interfaces.
2020-07-04 22:28:27.991 [main] INFO  o.s.boot.web.embedded.tomcat.TomcatWebServer - Tomcat initialized with port(s): 8001 (http)
2020-07-04 22:28:27.999 [main] INFO  org.apache.coyote.http11.Http11NioProtocol - Initializing ProtocolHandler ["http-nio-8001"]
2020-07-04 22:28:28.000 [main] INFO  org.apache.catalina.core.StandardService - Starting service [Tomcat]
2020-07-04 22:28:28.001 [main] INFO  org.apache.catalina.core.StandardEngine - Starting Servlet engine: [Apache Tomcat/9.0.36]
2020-07-04 22:28:28.082 [main] INFO  o.a.c.core.ContainerBase.[Tomcat].[localhost].[/] - Initializing Spring embedded WebApplicationContext
2020-07-04 22:28:28.083 [main] INFO  o.s.b.w.s.c.ServletWebServerApplicationContext - Root WebApplicationContext: initialization completed in 1308 ms
2020-07-04 22:28:28.823 [main] INFO  s.d.s.w.PropertySourcedRequestMappingHandlerMapping - Mapped URL path [/v2/api-docs] onto method [springfox.documentation.swagger2.web.Swagger2Controller#getDocumentation(String, HttpServletRequest)]
2020-07-04 22:28:28.888 [main] INFO  o.s.scheduling.concurrent.ThreadPoolTaskExecutor - Initializing ExecutorService 'applicationTaskExecutor'
2020-07-04 22:28:29.283 [main] INFO  org.apache.coyote.http11.Http11NioProtocol - Starting ProtocolHandler ["http-nio-8001"]
2020-07-04 22:28:29.302 [main] INFO  o.s.boot.web.embedded.tomcat.TomcatWebServer - Tomcat started on port(s): 8001 (http) with context path ''
2020-07-04 22:28:29.303 [main] INFO  s.d.s.web.plugins.DocumentationPluginsBootstrapper - Context refreshed
2020-07-04 22:28:29.311 [main] INFO  s.d.s.web.plugins.DocumentationPluginsBootstrapper - Found 1 custom documentation plugin(s)
2020-07-04 22:28:29.335 [main] INFO  s.d.spring.web.scanners.ApiListingReferenceScanner - Scanning for api listing references
2020-07-04 22:28:29.454 [main] INFO  com.memoforward.eduservice.EduApplication - Started EduApplication in 3.119 seconds (JVM running for 3.574)
2020-07-04 22:31:32.664 [http-nio-8001-exec-1] INFO  o.a.c.core.ContainerBase.[Tomcat].[localhost].[/] - Initializing Spring DispatcherServlet 'dispatcherServlet'
2020-07-04 22:31:32.665 [http-nio-8001-exec-1] INFO  org.springframework.web.servlet.DispatcherServlet - Initializing Servlet 'dispatcherServlet'
2020-07-04 22:31:32.672 [http-nio-8001-exec-1] INFO  org.springframework.web.servlet.DispatcherServlet - Completed initialization in 6 ms
2020-07-04 22:31:32.928 [http-nio-8001-exec-4] INFO  com.zaxxer.hikari.HikariDataSource - HikariPool-1 - Starting...
2020-07-04 22:31:33.221 [http-nio-8001-exec-4] INFO  com.zaxxer.hikari.HikariDataSource - HikariPool-1 - Start completed.
2020-07-04 23:29:53.217 [SpringContextShutdownHook] INFO  o.s.scheduling.concurrent.ThreadPoolTaskExecutor - Shutting down ExecutorService 'applicationTaskExecutor'
2020-07-04 23:29:53.220 [SpringContextShutdownHook] INFO  com.zaxxer.hikari.HikariDataSource - HikariPool-1 - Shutdown initiated...
2020-07-04 23:29:53.224 [SpringContextShutdownHook] INFO  com.zaxxer.hikari.HikariDataSource - HikariPool-1 - Shutdown completed.
